Analysis & Synthesis report for ThreebyEightDecode
Sat Jan 22 18:26:56 2022
Quartus Prime Version 20.1.1 Build 720 11/11/2020 SJ Lite Edition


---------------------
; Table of Contents ;
---------------------
  1. Legal Notice
  2. Analysis & Synthesis Summary
  3. Analysis & Synthesis Settings
  4. Parallel Compilation
  5. Analysis & Synthesis Source Files Read
  6. Analysis & Synthesis Resource Usage Summary
  7. Analysis & Synthesis Resource Utilization by Entity
  8. General Register Statistics
  9. Analysis & Synthesis Messages



----------------
; Legal Notice ;
----------------
Copyright (C) 2020  Intel Corporation. All rights reserved.
Your use of Intel Corporation's design tools, logic functions 
and other software and tools, and any partner logic 
functions, and any output files from any of the foregoing 
(including device programming or simulation files), and any 
associated documentation or information are expressly subject 
to the terms and conditions of the Intel Program License 
Subscription Agreement, the Intel Quartus Prime License Agreement,
the Intel FPGA IP License Agreement, or other applicable license
agreement, including, without limitation, that your use is for
the sole purpose of programming logic devices manufactured by
Intel and sold by Intel or its authorized distributors.  Please
refer to the applicable agreement for further details, at
https://fpgasoftware.intel.com/eula.



+---------------------------------------------------------------------------+
; Analysis & Synthesis Summary                                              ;
+-----------------------------+---------------------------------------------+
; Analysis & Synthesis Status ; Successful - Sat Jan 22 18:26:56 2022       ;
; Quartus Prime Version       ; 20.1.1 Build 720 11/11/2020 SJ Lite Edition ;
; Revision Name               ; ThreebyEightDecode                          ;
; Top-level Entity Name       ; ThreebyEightDecode                          ;
; Family                      ; MAX V                                       ;
; Total logic elements        ; 8                                           ;
; Total pins                  ; 12                                          ;
; Total virtual pins          ; 0                                           ;
; UFM blocks                  ; 0 / 1 ( 0 % )                               ;
+-----------------------------+---------------------------------------------+


+------------------------------------------------------------------------------------------------------------+
; Analysis & Synthesis Settings                                                                              ;
+------------------------------------------------------------------+--------------------+--------------------+
; Option                                                           ; Setting            ; Default Value      ;
+------------------------------------------------------------------+--------------------+--------------------+
; Top-level entity name                                            ; ThreebyEightDecode ; ThreebyEightDecode ;
; Family name                                                      ; MAX V              ; Cyclone V          ;
; Use smart compilation                                            ; Off                ; Off                ;
; Enable parallel Assembler and Timing Analyzer during compilation ; On                 ; On                 ;
; Enable compact report table                                      ; Off                ; Off                ;
; Restructure Multiplexers                                         ; Auto               ; Auto               ;
; Create Debugging Nodes for IP Cores                              ; Off                ; Off                ;
; Preserve fewer node names                                        ; On                 ; On                 ;
; Intel FPGA IP Evaluation Mode                                    ; Enable             ; Enable             ;
; Verilog Version                                                  ; Verilog_2001       ; Verilog_2001       ;
; VHDL Version                                                     ; VHDL_1993          ; VHDL_1993          ;
; State Machine Processing                                         ; Auto               ; Auto               ;
; Safe State Machine                                               ; Off                ; Off                ;
; Extract Verilog State Machines                                   ; On                 ; On                 ;
; Extract VHDL State Machines                                      ; On                 ; On                 ;
; Ignore Verilog initial constructs                                ; Off                ; Off                ;
; Iteration limit for constant Verilog loops                       ; 5000               ; 5000               ;
; Iteration limit for non-constant Verilog loops                   ; 250                ; 250                ;
; Add Pass-Through Logic to Inferred RAMs                          ; On                 ; On                 ;
; Infer RAMs from Raw Logic                                        ; On                 ; On                 ;
; Parallel Synthesis                                               ; On                 ; On                 ;
; NOT Gate Push-Back                                               ; On                 ; On                 ;
; Power-Up Don't Care                                              ; On                 ; On                 ;
; Remove Redundant Logic Cells                                     ; Off                ; Off                ;
; Remove Duplicate Registers                                       ; On                 ; On                 ;
; Ignore CARRY Buffers                                             ; Off                ; Off                ;
; Ignore CASCADE Buffers                                           ; Off                ; Off                ;
; Ignore GLOBAL Buffers                                            ; Off                ; Off                ;
; Ignore ROW GLOBAL Buffers                                        ; Off                ; Off                ;
; Ignore LCELL Buffers                                             ; Off                ; Off                ;
; Ignore SOFT Buffers                                              ; On                 ; On                 ;
; Limit AHDL Integers to 32 Bits                                   ; Off                ; Off                ;
; Optimization Technique                                           ; Balanced           ; Balanced           ;
; Carry Chain Length                                               ; 70                 ; 70                 ;
; Auto Carry Chains                                                ; On                 ; On                 ;
; Auto Open-Drain Pins                                             ; On                 ; On                 ;
; Perform WYSIWYG Primitive Resynthesis                            ; Off                ; Off                ;
; Auto Shift Register Replacement                                  ; Auto               ; Auto               ;
; Allow Shift Register Merging across Hierarchies                  ; Auto               ; Auto               ;
; Auto Clock Enable Replacement                                    ; On                 ; On                 ;
; Allow Synchronous Control Signals                                ; On                 ; On                 ;
; Force Use of Synchronous Clear Signals                           ; Off                ; Off                ;
; Auto Resource Sharing                                            ; Off                ; Off                ;
; Use LogicLock Constraints during Resource Balancing              ; On                 ; On                 ;
; Ignore translate_off and synthesis_off directives                ; Off                ; Off                ;
; Report Parameter Settings                                        ; On                 ; On                 ;
; Report Source Assignments                                        ; On                 ; On                 ;
; Report Connectivity Checks                                       ; On                 ; On                 ;
; Ignore Maximum Fan-Out Assignments                               ; Off                ; Off                ;
; Synchronization Register Chain Length                            ; 2                  ; 2                  ;
; Power Optimization During Synthesis                              ; Normal compilation ; Normal compilation ;
; HDL message level                                                ; Level2             ; Level2             ;
; Suppress Register Optimization Related Messages                  ; Off                ; Off                ;
; Number of Removed Registers Reported in Synthesis Report         ; 5000               ; 5000               ;
; Number of Swept Nodes Reported in Synthesis Report               ; 5000               ; 5000               ;
; Number of Inverted Registers Reported in Synthesis Report        ; 100                ; 100                ;
; Clock MUX Protection                                             ; On                 ; On                 ;
; Block Design Naming                                              ; Auto               ; Auto               ;
; Synthesis Effort                                                 ; Auto               ; Auto               ;
; Shift Register Replacement - Allow Asynchronous Clear Signal     ; On                 ; On                 ;
; Analysis & Synthesis Message Level                               ; Medium             ; Medium             ;
; Disable Register Merging Across Hierarchies                      ; Auto               ; Auto               ;
+------------------------------------------------------------------+--------------------+--------------------+


+------------------------------------------+
; Parallel Compilation                     ;
+----------------------------+-------------+
; Processors                 ; Number      ;
+----------------------------+-------------+
; Number detected on machine ; 2           ;
; Maximum allowed            ; 2           ;
;                            ;             ;
; Average used               ; 1.00        ;
; Maximum used               ; 1           ;
;                            ;             ;
; Usage by Processor         ; % Time Used ;
;     Processor 1            ; 100.0%      ;
+----------------------------+-------------+


+---------------------------------------------------------------------------------------------------------------------------------------------------+
; Analysis & Synthesis Source Files Read                                                                                                            ;
+----------------------------------+-----------------+-----------------------+------------------------------------------------------------+---------+
; File Name with User-Entered Path ; Used in Netlist ; File Type             ; File Name with Absolute Path                               ; Library ;
+----------------------------------+-----------------+-----------------------+------------------------------------------------------------+---------+
; ThreebyEightDecode.vhd           ; yes             ; Auto-Found VHDL File  ; /home/zestyoreo/IITB/CS 232/lab2/q2/ThreebyEightDecode.vhd ;         ;
; not_gate.vhd                     ; yes             ; Auto-Found VHDL File  ; /home/zestyoreo/IITB/CS 232/lab2/q2/not_gate.vhd           ;         ;
; nand_gate.vhd                    ; yes             ; Auto-Found VHDL File  ; /home/zestyoreo/IITB/CS 232/lab2/q2/nand_gate.vhd          ;         ;
; three_and_gate.vhd               ; yes             ; Auto-Found VHDL File  ; /home/zestyoreo/IITB/CS 232/lab2/q2/three_and_gate.vhd     ;         ;
+----------------------------------+-----------------+-----------------------+------------------------------------------------------------+---------+


+-----------------------------------------------------+
; Analysis & Synthesis Resource Usage Summary         ;
+---------------------------------------------+-------+
; Resource                                    ; Usage ;
+---------------------------------------------+-------+
; Total logic elements                        ; 8     ;
;     -- Combinational with no register       ; 8     ;
;     -- Register only                        ; 0     ;
;     -- Combinational with a register        ; 0     ;
;                                             ;       ;
; Logic element usage by number of LUT inputs ;       ;
;     -- 4 input functions                    ; 8     ;
;     -- 3 input functions                    ; 0     ;
;     -- 2 input functions                    ; 0     ;
;     -- 1 input functions                    ; 0     ;
;     -- 0 input functions                    ; 0     ;
;                                             ;       ;
; Logic elements by mode                      ;       ;
;     -- normal mode                          ; 8     ;
;     -- arithmetic mode                      ; 0     ;
;     -- qfbk mode                            ; 0     ;
;     -- register cascade mode                ; 0     ;
;     -- synchronous clear/load mode          ; 0     ;
;     -- asynchronous clear/load mode         ; 0     ;
;                                             ;       ;
; Total registers                             ; 0     ;
; I/O pins                                    ; 12    ;
; Maximum fan-out node                        ; en    ;
; Maximum fan-out                             ; 8     ;
; Total fan-out                               ; 40    ;
; Average fan-out                             ; 2.00  ;
+---------------------------------------------+-------+


+-------------------------------------------------------------------------------------------------------------------------------------------------------------------------------------------------------------------------------------------------------------------------------+
; Analysis & Synthesis Resource Utilization by Entity                                                                                                                                                                                                                           ;
+----------------------------+-------------+--------------+------------+------+--------------+--------------+-------------------+------------------+-----------------+------------+---------------------------------------------------------+--------------------+--------------+
; Compilation Hierarchy Node ; Logic Cells ; LC Registers ; UFM Blocks ; Pins ; Virtual Pins ; LUT-Only LCs ; Register-Only LCs ; LUT/Register LCs ; Carry Chain LCs ; Packed LCs ; Full Hierarchy Name                                     ; Entity Name        ; Library Name ;
+----------------------------+-------------+--------------+------------+------+--------------+--------------+-------------------+------------------+-----------------+------------+---------------------------------------------------------+--------------------+--------------+
; |ThreebyEightDecode        ; 8 (0)       ; 0            ; 0          ; 12   ; 0            ; 8 (0)        ; 0 (0)             ; 0 (0)            ; 0 (0)           ; 0 (0)      ; |ThreebyEightDecode                                     ; ThreebyEightDecode ; work         ;
;    |three_and_gate:Out0|   ; 1 (0)       ; 0            ; 0          ; 0    ; 0            ; 1 (0)        ; 0 (0)             ; 0 (0)            ; 0 (0)           ; 0 (0)      ; |ThreebyEightDecode|three_and_gate:Out0                 ; three_and_gate     ; work         ;
;       |nand_gate:Nand3|    ; 1 (1)       ; 0            ; 0          ; 0    ; 0            ; 1 (1)        ; 0 (0)             ; 0 (0)            ; 0 (0)           ; 0 (0)      ; |ThreebyEightDecode|three_and_gate:Out0|nand_gate:Nand3 ; nand_gate          ; work         ;
;    |three_and_gate:Out1|   ; 1 (0)       ; 0            ; 0          ; 0    ; 0            ; 1 (0)        ; 0 (0)             ; 0 (0)            ; 0 (0)           ; 0 (0)      ; |ThreebyEightDecode|three_and_gate:Out1                 ; three_and_gate     ; work         ;
;       |nand_gate:Nand3|    ; 1 (1)       ; 0            ; 0          ; 0    ; 0            ; 1 (1)        ; 0 (0)             ; 0 (0)            ; 0 (0)           ; 0 (0)      ; |ThreebyEightDecode|three_and_gate:Out1|nand_gate:Nand3 ; nand_gate          ; work         ;
;    |three_and_gate:Out2|   ; 1 (0)       ; 0            ; 0          ; 0    ; 0            ; 1 (0)        ; 0 (0)             ; 0 (0)            ; 0 (0)           ; 0 (0)      ; |ThreebyEightDecode|three_and_gate:Out2                 ; three_and_gate     ; work         ;
;       |nand_gate:Nand3|    ; 1 (1)       ; 0            ; 0          ; 0    ; 0            ; 1 (1)        ; 0 (0)             ; 0 (0)            ; 0 (0)           ; 0 (0)      ; |ThreebyEightDecode|three_and_gate:Out2|nand_gate:Nand3 ; nand_gate          ; work         ;
;    |three_and_gate:Out3|   ; 1 (0)       ; 0            ; 0          ; 0    ; 0            ; 1 (0)        ; 0 (0)             ; 0 (0)            ; 0 (0)           ; 0 (0)      ; |ThreebyEightDecode|three_and_gate:Out3                 ; three_and_gate     ; work         ;
;       |nand_gate:Nand3|    ; 1 (1)       ; 0            ; 0          ; 0    ; 0            ; 1 (1)        ; 0 (0)             ; 0 (0)            ; 0 (0)           ; 0 (0)      ; |ThreebyEightDecode|three_and_gate:Out3|nand_gate:Nand3 ; nand_gate          ; work         ;
;    |three_and_gate:Out4|   ; 1 (0)       ; 0            ; 0          ; 0    ; 0            ; 1 (0)        ; 0 (0)             ; 0 (0)            ; 0 (0)           ; 0 (0)      ; |ThreebyEightDecode|three_and_gate:Out4                 ; three_and_gate     ; work         ;
;       |nand_gate:Nand3|    ; 1 (1)       ; 0            ; 0          ; 0    ; 0            ; 1 (1)        ; 0 (0)             ; 0 (0)            ; 0 (0)           ; 0 (0)      ; |ThreebyEightDecode|three_and_gate:Out4|nand_gate:Nand3 ; nand_gate          ; work         ;
;    |three_and_gate:Out5|   ; 1 (0)       ; 0            ; 0          ; 0    ; 0            ; 1 (0)        ; 0 (0)             ; 0 (0)            ; 0 (0)           ; 0 (0)      ; |ThreebyEightDecode|three_and_gate:Out5                 ; three_and_gate     ; work         ;
;       |nand_gate:Nand3|    ; 1 (1)       ; 0            ; 0          ; 0    ; 0            ; 1 (1)        ; 0 (0)             ; 0 (0)            ; 0 (0)           ; 0 (0)      ; |ThreebyEightDecode|three_and_gate:Out5|nand_gate:Nand3 ; nand_gate          ; work         ;
;    |three_and_gate:Out6|   ; 1 (0)       ; 0            ; 0          ; 0    ; 0            ; 1 (0)        ; 0 (0)             ; 0 (0)            ; 0 (0)           ; 0 (0)      ; |ThreebyEightDecode|three_and_gate:Out6                 ; three_and_gate     ; work         ;
;       |nand_gate:Nand3|    ; 1 (1)       ; 0            ; 0          ; 0    ; 0            ; 1 (1)        ; 0 (0)             ; 0 (0)            ; 0 (0)           ; 0 (0)      ; |ThreebyEightDecode|three_and_gate:Out6|nand_gate:Nand3 ; nand_gate          ; work         ;
;    |three_and_gate:Out7|   ; 1 (0)       ; 0            ; 0          ; 0    ; 0            ; 1 (0)        ; 0 (0)             ; 0 (0)            ; 0 (0)           ; 0 (0)      ; |ThreebyEightDecode|three_and_gate:Out7                 ; three_and_gate     ; work         ;
;       |nand_gate:Nand3|    ; 1 (1)       ; 0            ; 0          ; 0    ; 0            ; 1 (1)        ; 0 (0)             ; 0 (0)            ; 0 (0)           ; 0 (0)      ; |ThreebyEightDecode|three_and_gate:Out7|nand_gate:Nand3 ; nand_gate          ; work         ;
+----------------------------+-------------+--------------+------------+------+--------------+--------------+-------------------+------------------+-----------------+------------+---------------------------------------------------------+--------------------+--------------+
Note: For table entries with two numbers listed, the numbers in parentheses indicate the number of resources of the given type used by the specific entity alone. The numbers listed outside of parentheses indicate the total resources of the given type used by the specific entity and all of its sub-entities in the hierarchy.


+------------------------------------------------------+
; General Register Statistics                          ;
+----------------------------------------------+-------+
; Statistic                                    ; Value ;
+----------------------------------------------+-------+
; Total registers                              ; 0     ;
; Number of registers using Synchronous Clear  ; 0     ;
; Number of registers using Synchronous Load   ; 0     ;
; Number of registers using Asynchronous Clear ; 0     ;
; Number of registers using Asynchronous Load  ; 0     ;
; Number of registers using Clock Enable       ; 0     ;
; Number of registers using Preset             ; 0     ;
+----------------------------------------------+-------+


+-------------------------------+
; Analysis & Synthesis Messages ;
+-------------------------------+
Info: *******************************************************************
Info: Running Quartus Prime Analysis & Synthesis
    Info: Version 20.1.1 Build 720 11/11/2020 SJ Lite Edition
    Info: Processing started: Sat Jan 22 18:26:29 2022
Info: Command: quartus_map --read_settings_files=on --write_settings_files=off ThreebyEightDecode -c ThreebyEightDecode
Warning (18236): Number of processors has not been specified which may cause overloading on shared machines.  Set the global assignment NUM_PARALLEL_PROCESSORS in your QSF to an appropriate value for best performance.
Info (20030): Parallel compilation is enabled and will use 2 of the 2 processors detected
Warning (12125): Using design file ThreebyEightDecode.vhd, which is not specified as a design file for the current project, but contains definitions for 2 design units and 1 entities in project
    Info (12022): Found design unit 1: ThreebyEightDecode-ThreebyEightDecode_arc File: /home/zestyoreo/IITB/CS 232/lab2/q2/ThreebyEightDecode.vhd Line: 12
    Info (12023): Found entity 1: ThreebyEightDecode File: /home/zestyoreo/IITB/CS 232/lab2/q2/ThreebyEightDecode.vhd Line: 4
Info (12127): Elaborating entity "ThreebyEightDecode" for the top level hierarchy
Warning (12125): Using design file not_gate.vhd, which is not specified as a design file for the current project, but contains definitions for 2 design units and 1 entities in project
    Info (12022): Found design unit 1: not_gate-not_arc File: /home/zestyoreo/IITB/CS 232/lab2/q2/not_gate.vhd Line: 11
    Info (12023): Found entity 1: not_gate File: /home/zestyoreo/IITB/CS 232/lab2/q2/not_gate.vhd Line: 4
Info (12128): Elaborating entity "not_gate" for hierarchy "not_gate:Not1" File: /home/zestyoreo/IITB/CS 232/lab2/q2/ThreebyEightDecode.vhd Line: 29
Warning (12125): Using design file nand_gate.vhd, which is not specified as a design file for the current project, but contains definitions for 2 design units and 1 entities in project
    Info (12022): Found design unit 1: nand_gate-nand_arc File: /home/zestyoreo/IITB/CS 232/lab2/q2/nand_gate.vhd Line: 8
    Info (12023): Found entity 1: nand_gate File: /home/zestyoreo/IITB/CS 232/lab2/q2/nand_gate.vhd Line: 4
Info (12128): Elaborating entity "nand_gate" for hierarchy "not_gate:Not1|nand_gate:Nand1" File: /home/zestyoreo/IITB/CS 232/lab2/q2/not_gate.vhd Line: 19
Warning (12125): Using design file three_and_gate.vhd, which is not specified as a design file for the current project, but contains definitions for 2 design units and 1 entities in project
    Info (12022): Found design unit 1: three_and_gate-three_and_gate_arc File: /home/zestyoreo/IITB/CS 232/lab2/q2/three_and_gate.vhd Line: 11
    Info (12023): Found entity 1: three_and_gate File: /home/zestyoreo/IITB/CS 232/lab2/q2/three_and_gate.vhd Line: 4
Info (12128): Elaborating entity "three_and_gate" for hierarchy "three_and_gate:Out0" File: /home/zestyoreo/IITB/CS 232/lab2/q2/ThreebyEightDecode.vhd Line: 36
Info (21057): Implemented 20 device resources after synthesis - the final resource count might be different
    Info (21058): Implemented 4 input pins
    Info (21059): Implemented 8 output pins
    Info (21061): Implemented 8 logic cells
Info: Quartus Prime Analysis & Synthesis was successful. 0 errors, 5 warnings
    Info: Peak virtual memory: 426 megabytes
    Info: Processing ended: Sat Jan 22 18:26:56 2022
    Info: Elapsed time: 00:00:27
    Info: Total CPU time (on all processors): 00:00:45


