INSERT INTO player (player_id, player_name, dob, batting_hand, bowling_skill, country_name) values ('1', 'SC Ganguly', '1972-07-08', 'Left-hand bat', 'Right-arm medium', 'India');
INSERT INTO player (player_id, player_name, dob, batting_hand, bowling_skill, country_name) values ('2', 'BB McCullum', '1981-09-27', 'Right-hand bat', 'Right-arm medium', 'New Zealand');
INSERT INTO player (player_id, player_name, dob, batting_hand, bowling_skill, country_name) values ('3', 'RT Ponting', '1974-12-19', 'Right-hand bat', 'Right-arm medium', 'Australia');
INSERT INTO player (player_id, player_name, dob, batting_hand, bowling_skill, country_name) values ('4', 'DJ Hussey', '1977-07-15', 'Right-hand bat', 'Right-arm offbreak', 'Australia');
INSERT INTO player (player_id, player_name, dob, batting_hand, bowling_skill, country_name) values ('5', 'Mohammad Hafeez', '1980-10-17', 'Right-hand bat', 'Right-arm offbreak', 'Pakistan');
INSERT INTO player (player_id, player_name, dob, batting_hand, bowling_skill, country_name) values ('6', 'R Dravid', '1973-01-11', 'Right-hand bat', 'Right-arm offbreak', 'India');
INSERT INTO player (player_id, player_name, dob, batting_hand, bowling_skill, country_name) values ('7', 'W Jaffer', '1978-02-16', 'Right-hand bat', 'Right-arm offbreak', 'India');
INSERT INTO player (player_id, player_name, dob, batting_hand, bowling_skill, country_name) values ('8', 'V Kohli', '1988-11-05', 'Right-hand bat', 'Right-arm medium', 'India');
INSERT INTO player (player_id, player_name, dob, batting_hand, bowling_skill, country_name) values ('9', 'JH Kallis', '1975-10-16', 'Right-hand bat', 'Right-arm fast-medium', 'South Africa');
INSERT INTO player (player_id, player_name, dob, batting_hand, bowling_skill, country_name) values ('10', 'CL White', '1983-08-18', 'Right-hand bat', 'Legbreak googly', 'Australia');
INSERT INTO player (player_id, player_name, dob, batting_hand, bowling_skill, country_name) values ('11', 'MV Boucher', '1976-12-03', 'Right-hand bat', 'Right-arm medium', 'South Africa');
INSERT INTO player (player_id, player_name, dob, batting_hand, bowling_skill, country_name) values ('12', 'B Akhil', '1977-10-07', 'Right-hand bat', 'Right-arm medium-fast', 'India');
INSERT INTO player (player_id, player_name, dob, batting_hand, bowling_skill, country_name) values ('13', 'AA Noffke', '1977-04-30', 'Right-hand bat', 'Right-arm fast-medium', 'Australia');
INSERT INTO player (player_id, player_name, dob, batting_hand, bowling_skill, country_name) values ('14', 'P Kumar', '1986-10-02', 'Right-hand bat', 'Right-arm medium', 'India');
INSERT INTO player (player_id, player_name, dob, batting_hand, bowling_skill, country_name) values ('15', 'Z Khan', '1978-10-07', 'Right-hand bat', 'Left-arm fast-medium', 'India');
INSERT INTO player (player_id, player_name, dob, batting_hand, bowling_skill, country_name) values ('16', 'SB Joshi', '1970-06-06', 'Left-hand bat', 'Slow left-arm orthodox', 'India');
INSERT INTO player (player_id, player_name, dob, batting_hand, bowling_skill, country_name) values ('17', 'PA Patel', '1985-03-09', 'Left-hand bat', 'N/A', 'India');
INSERT INTO player (player_id, player_name, dob, batting_hand, bowling_skill, country_name) values ('18', 'ML Hayden', '1971-10-29', 'Left-hand bat', 'Right-arm medium', 'Australia');
INSERT INTO player (player_id, player_name, dob, batting_hand, bowling_skill, country_name) values ('19', 'MEK Hussey', '1975-05-27', 'Left-hand bat', 'Right-arm medium', 'Australia');
INSERT INTO player (player_id, player_name, dob, batting_hand, bowling_skill, country_name) values ('20', 'MS Dhoni', '1981-07-07', 'Right-hand bat', 'Right-arm medium', 'India');
INSERT INTO player (player_id, player_name, dob, batting_hand, bowling_skill, country_name) values ('21', 'SK Raina', '1986-11-27', 'Left-hand bat', 'Right-arm offbreak', 'India');
INSERT INTO player (player_id, player_name, dob, batting_hand, bowling_skill, country_name) values ('22', 'JDP Oram', '1978-07-28', 'Left-hand bat', 'Right-arm fast-medium', 'New Zealand');
INSERT INTO player (player_id, player_name, dob, batting_hand, bowling_skill, country_name) values ('23', 'S Badrinath', '1980-08-30', 'Right-hand bat', 'Right-arm offbreak', 'India');
INSERT INTO player (player_id, player_name, dob, batting_hand, bowling_skill, country_name) values ('24', 'K Goel', '1986-12-24', 'Left-hand bat', 'Right-arm offbreak', 'India');
INSERT INTO player (player_id, player_name, dob, batting_hand, bowling_skill, country_name) values ('25', 'JR Hopes', '1978-10-24', 'Right-hand bat', 'Right-arm medium', 'Australia');
INSERT INTO player (player_id, player_name, dob, batting_hand, bowling_skill, country_name) values ('26', 'KC Sangakkara', '1977-10-27', 'Left-hand bat', 'Right-arm offbreak', 'Sri Lanka');
INSERT INTO player (player_id, player_name, dob, batting_hand, bowling_skill, country_name) values ('27', 'Yuvraj Singh', '1981-12-12', 'Left-hand bat', 'Slow left-arm orthodox', 'India');
INSERT INTO player (player_id, player_name, dob, batting_hand, bowling_skill, country_name) values ('28', 'SM Katich', '1975-08-21', 'Left-hand bat', 'Slow left-arm chinaman', 'Australia');
INSERT INTO player (player_id, player_name, dob, batting_hand, bowling_skill, country_name) values ('29', 'IK Pathan', '1984-10-27', 'Left-hand bat', 'Left-arm medium-fast', 'India');
INSERT INTO player (player_id, player_name, dob, batting_hand, bowling_skill, country_name) values ('30', 'T Kohli', '1988-12-17', 'Right-hand bat', 'Right-arm medium', 'India');
INSERT INTO player (player_id, player_name, dob, batting_hand, bowling_skill, country_name) values ('31', 'YK Pathan', '1982-11-17', 'Right-hand bat', 'Right-arm offbreak', 'India');
INSERT INTO player (player_id, player_name, dob, batting_hand, bowling_skill, country_name) values ('32', 'SR Watson', '1981-06-17', 'Right-hand bat', 'Right-arm fast-medium', 'Australia');
INSERT INTO player (player_id, player_name, dob, batting_hand, bowling_skill, country_name) values ('33', 'M Kaif', '1980-12-01', 'Right-hand bat', 'Right-arm offbreak', 'India');
INSERT INTO player (player_id, player_name, dob, batting_hand, bowling_skill, country_name) values ('34', 'DS Lehmann', '1970-02-05', 'Left-hand bat', 'Slow left-arm orthodox', 'Australia');
INSERT INTO player (player_id, player_name, dob, batting_hand, bowling_skill, country_name) values ('35', 'RA Jadeja', '1988-12-06', 'Left-hand bat', 'Slow left-arm orthodox', 'India');
INSERT INTO player (player_id, player_name, dob, batting_hand, bowling_skill, country_name) values ('36', 'M Rawat', '1985-10-25', 'Right-hand bat', 'N/A', 'India');
INSERT INTO player (player_id, player_name, dob, batting_hand, bowling_skill, country_name) values ('37', 'D Salunkhe', '1982-11-12', 'Right-hand bat', 'Legbreak', 'India');
INSERT INTO player (player_id, player_name, dob, batting_hand, bowling_skill, country_name) values ('38', 'SK Warne', '1969-09-13', 'Right-hand bat', 'Legbreak googly', 'Australia');
INSERT INTO player (player_id, player_name, dob, batting_hand, bowling_skill, country_name) values ('39', 'SK Trivedi', '1982-09-04', 'Right-hand bat', 'Right-arm medium', 'India');
INSERT INTO player (player_id, player_name, dob, batting_hand, bowling_skill, country_name) values ('40', 'G Gambhir', '1981-10-14', 'Left-hand bat', 'Legbreak', 'India');
INSERT INTO player (player_id, player_name, dob, batting_hand, bowling_skill, country_name) values ('41', 'V Sehwag', '1978-10-20', 'Right-hand bat', 'Right-arm offbreak', 'India');
INSERT INTO player (player_id, player_name, dob, batting_hand, bowling_skill, country_name) values ('42', 'S Dhawan', '1985-12-05', 'Left-hand bat', 'Right-arm offbreak', 'India');
INSERT INTO player (player_id, player_name, dob, batting_hand, bowling_skill, country_name) values ('43', 'L Ronchi', '1981-04-23', 'Right-hand bat', 'N/A', 'Australia');
INSERT INTO player (player_id, player_name, dob, batting_hand, bowling_skill, country_name) values ('44', 'ST Jayasuriya', '1969-06-30', 'Left-hand bat', 'Slow left-arm orthodox', 'Sri Lanka');
INSERT INTO player (player_id, player_name, dob, batting_hand, bowling_skill, country_name) values ('45', 'DJ Thornely', '1978-10-01', 'Right-hand bat', 'Right-arm medium', 'Australia');
INSERT INTO player (player_id, player_name, dob, batting_hand, bowling_skill, country_name) values ('46', 'RV Uthappa', '1985-11-11', 'Right-hand bat', 'Right-arm medium', 'India');
INSERT INTO player (player_id, player_name, dob, batting_hand, bowling_skill, country_name) values ('47', 'PR Shah', '1987-11-03', 'Right-hand bat', 'N/A', 'India');
INSERT INTO player (player_id, player_name, dob, batting_hand, bowling_skill, country_name) values ('48', 'AM Nayar', '1983-10-08', 'Left-hand bat', 'Right-arm medium', 'India');
INSERT INTO player (player_id, player_name, dob, batting_hand, bowling_skill, country_name) values ('49', 'SM Pollock', '1973-07-16', 'Right-hand bat', 'Right-arm fast-medium', 'South Africa');
INSERT INTO player (player_id, player_name, dob, batting_hand, bowling_skill, country_name) values ('50', 'Harbhajan Singh', '1980-07-03', 'Right-hand bat', 'Right-arm offbreak', 'India');
INSERT INTO player (player_id, player_name, dob, batting_hand, bowling_skill, country_name) values ('51', 'S Chanderpaul', '1974-08-16', 'Left-hand bat', 'Legbreak', 'West Indies');
INSERT INTO player (player_id, player_name, dob, batting_hand, bowling_skill, country_name) values ('52', 'LRPL Taylor', '1984-03-08', 'Right-hand bat', 'Right-arm offbreak', 'New Zealand');
INSERT INTO player (player_id, player_name, dob, batting_hand, bowling_skill, country_name) values ('53', 'AC Gilchrist', '1971-11-14', 'Left-hand bat', 'Right-arm offbreak', 'Australia');
INSERT INTO player (player_id, player_name, dob, batting_hand, bowling_skill, country_name) values ('54', 'Y Venugopal Rao', '1982-02-26', 'Right-hand bat', 'Right-arm offbreak', 'India');
INSERT INTO player (player_id, player_name, dob, batting_hand, bowling_skill, country_name) values ('55', 'VVS Laxman', '1974-11-01', 'Right-hand bat', 'Right-arm offbreak', 'India');
INSERT INTO player (player_id, player_name, dob, batting_hand, bowling_skill, country_name) values ('56', 'A Symonds', '1975-06-09', 'Right-hand bat', 'Right-arm offbreak', 'Australia');
INSERT INTO player (player_id, player_name, dob, batting_hand, bowling_skill, country_name) values ('57', 'RG Sharma', '1987-04-30', 'Right-hand bat', 'Right-arm offbreak', 'India');
INSERT INTO player (player_id, player_name, dob, batting_hand, bowling_skill, country_name) values ('58', 'SB Styris', '1975-07-10', 'Right-hand bat', 'Right-arm medium', 'New Zealand');
INSERT INTO player (player_id, player_name, dob, batting_hand, bowling_skill, country_name) values ('59', 'SB Bangar', '1972-10-11', 'Right-hand bat', 'Right-arm medium-fast', 'India');
INSERT INTO player (player_id, player_name, dob, batting_hand, bowling_skill, country_name) values ('60', 'WPUJC Vaas', '1974-01-27', 'Left-hand bat', 'Left-arm fast-medium', 'Sri Lanka');
INSERT INTO player (player_id, player_name, dob, batting_hand, bowling_skill, country_name) values ('61', 'RP Singh', '1985-12-06', 'Right-hand bat', 'Left-arm fast-medium', 'India');
INSERT INTO player (player_id, player_name, dob, batting_hand, bowling_skill, country_name) values ('62', 'WP Saha', '1984-10-24', 'Right-hand bat', 'N/A', 'India');
INSERT INTO player (player_id, player_name, dob, batting_hand, bowling_skill, country_name) values ('63', 'LR Shukla', '1981-05-06', 'Right-hand bat', 'Right-arm medium', 'India');
INSERT INTO player (player_id, player_name, dob, batting_hand, bowling_skill, country_name) values ('64', 'DPMD Jayawardene', '1977-05-27', 'Right-hand bat', 'Right-arm medium', 'Sri Lanka');
INSERT INTO player (player_id, player_name, dob, batting_hand, bowling_skill, country_name) values ('65', 'S Sohal', '1987-11-10', 'Right-hand bat', 'Legbreak', 'India');
INSERT INTO player (player_id, player_name, dob, batting_hand, bowling_skill, country_name) values ('66', 'B Lee', '1976-11-08', 'Right-hand bat', 'Right-arm fast', 'Australia');
INSERT INTO player (player_id, player_name, dob, batting_hand, bowling_skill, country_name) values ('67', 'PP Chawla', '1988-12-24', 'Left-hand bat', 'Legbreak', 'India');
INSERT INTO player (player_id, player_name, dob, batting_hand, bowling_skill, country_name) values ('68', 'WA Mota', '1981-09-20', 'Right-hand bat', 'Right-arm medium', 'India');
INSERT INTO player (player_id, player_name, dob, batting_hand, bowling_skill, country_name) values ('69', 'Kamran Akmal', '1982-01-13', 'Right-hand bat', 'N/A', 'Pakistan');
INSERT INTO player (player_id, player_name, dob, batting_hand, bowling_skill, country_name) values ('70', 'Shahid Afridi', '1980-03-01', 'Right-hand bat', 'Legbreak googly', 'Pakistan');
INSERT INTO player (player_id, player_name, dob, batting_hand, bowling_skill, country_name) values ('71', 'DJ Bravo', '1983-10-07', 'Right-hand bat', 'Right-arm medium-fast', 'West Indies');
INSERT INTO player (player_id, player_name, dob, batting_hand, bowling_skill, country_name) values ('72', 'MA Khote', '1980-04-22', 'Right-hand bat', 'Right-arm medium', 'India');
INSERT INTO player (player_id, player_name, dob, batting_hand, bowling_skill, country_name) values ('73', 'A Nehra', '1979-04-29', 'Right-hand bat', 'Left-arm medium-fast', 'India');
INSERT INTO player (player_id, player_name, dob, batting_hand, bowling_skill, country_name) values ('74', 'GC Smith', '1981-02-01', 'Left-hand bat', 'Right-arm offbreak', 'South Africa');
INSERT INTO player (player_id, player_name, dob, batting_hand, bowling_skill, country_name) values ('75', 'Pankaj Singh', '1985-05-06', 'Right-hand bat', 'Right-arm medium-fast', 'India');
INSERT INTO player (player_id, player_name, dob, batting_hand, bowling_skill, country_name) values ('76', 'RR Sarwan', '1980-06-23', 'Right-hand bat', 'Legbreak', 'West Indies');
INSERT INTO player (player_id, player_name, dob, batting_hand, bowling_skill, country_name) values ('77', 'S Sreesanth', '1983-02-06', 'Right-hand bat', 'Right-arm fast-medium', 'India');
INSERT INTO player (player_id, player_name, dob, batting_hand, bowling_skill, country_name) values ('78', 'VRV Singh', '1984-09-17', 'Right-hand bat', 'Right-arm medium-fast', 'India');
INSERT INTO player (player_id, player_name, dob, batting_hand, bowling_skill, country_name) values ('79', 'SS Tiwary', '1989-12-30', 'Left-hand bat', 'N/A', 'India');
INSERT INTO player (player_id, player_name, dob, batting_hand, bowling_skill, country_name) values ('80', 'DS Kulkarni', '1988-12-10', 'Right-hand bat', 'Right-arm medium', 'India');
INSERT INTO player (player_id, player_name, dob, batting_hand, bowling_skill, country_name) values ('81', 'R Vinay Kumar', '1984-02-12', 'Right-hand bat', 'Right-arm medium', 'India');
INSERT INTO player (player_id, player_name, dob, batting_hand, bowling_skill, country_name) values ('82', 'AB Agarkar', '1977-12-04', 'Right-hand bat', 'Right-arm fast', 'India');
INSERT INTO player (player_id, player_name, dob, batting_hand, bowling_skill, country_name) values ('83', 'M Kartik', '1976-09-11', 'Left-hand bat', 'Slow left-arm orthodox', 'India');
INSERT INTO player (player_id, player_name, dob, batting_hand, bowling_skill, country_name) values ('84', 'I Sharma', '1988-09-02', 'Right-hand bat', 'Right-arm fast-medium', 'India');
INSERT INTO player (player_id, player_name, dob, batting_hand, bowling_skill, country_name) values ('85', 'AM Rahane', '1988-06-06', 'Right-hand bat', 'Right-arm medium', 'India');
INSERT INTO player (player_id, player_name, dob, batting_hand, bowling_skill, country_name) values ('86', 'Shoaib Malik', '1982-02-01', 'Right-hand bat', 'Right-arm offbreak', 'Pakistan');
INSERT INTO player (player_id, player_name, dob, batting_hand, bowling_skill, country_name) values ('87', 'MK Tiwary', '1985-11-14', 'Right-hand bat', 'Legbreak googly', 'India');
INSERT INTO player (player_id, player_name, dob, batting_hand, bowling_skill, country_name) values ('88', 'KD Karthik', '1985-06-01', 'Right-hand bat', 'N/A', 'India');
INSERT INTO player (player_id, player_name, dob, batting_hand, bowling_skill, country_name) values ('89', 'R Bhatia', '1979-10-22', 'Right-hand bat', 'Right-arm medium-fast', 'India');
INSERT INTO player (player_id, player_name, dob, batting_hand, bowling_skill, country_name) values ('90', 'MF Maharoof', '1984-09-07', 'Right-hand bat', 'Right-arm fast-medium', 'India');
INSERT INTO player (player_id, player_name, dob, batting_hand, bowling_skill, country_name) values ('91', 'VY Mahesh', '1987-12-21', 'Right-hand bat', 'Right-arm medium-fast', 'India');
INSERT INTO player (player_id, player_name, dob, batting_hand, bowling_skill, country_name) values ('92', 'TM Srivastava', '1989-11-07', 'Left-hand bat', 'Right-arm medium', 'India');
INSERT INTO player (player_id, player_name, dob, batting_hand, bowling_skill, country_name) values ('93', 'B Chipli', '1983-01-27', 'Right-hand bat', 'Right-arm medium', 'India');
INSERT INTO player (player_id, player_name, dob, batting_hand, bowling_skill, country_name) values ('94', 'DW Steyn', '1983-06-27', 'Right-hand bat', 'Right-arm fast', 'South Africa');
INSERT INTO player (player_id, player_name, dob, batting_hand, bowling_skill, country_name) values ('95', 'DB Das', '1986-09-22', 'Right-hand bat', 'Legbreak googly', 'India');
INSERT INTO player (player_id, player_name, dob, batting_hand, bowling_skill, country_name) values ('96', 'MK Pandey', '1989-09-10', 'Right-hand bat', 'Right-arm medium', 'India');
INSERT INTO player (player_id, player_name, dob, batting_hand, bowling_skill, country_name) values ('97', 'HH Gibbs', '1974-02-23', 'Right-hand bat', 'Right-arm bowler', 'South Africa');
INSERT INTO player (player_id, player_name, dob, batting_hand, bowling_skill, country_name) values ('98', 'DNT Zoysa', '1978-05-13', 'Left-hand bat', 'Left-arm fast-medium', 'Sri Lanka');
INSERT INTO player (player_id, player_name, dob, batting_hand, bowling_skill, country_name) values ('99', 'D Kalyankrishna', '1983-12-16', 'Right-hand bat', 'Right-arm medium-fast', 'India');
INSERT INTO player (player_id, player_name, dob, batting_hand, bowling_skill, country_name) values ('100', 'SE Marsh', '1983-07-09', 'Left-hand bat', 'Slow left-arm orthodox', 'Australia');
INSERT INTO player (player_id, player_name, dob, batting_hand, bowling_skill, country_name) values ('101', 'SA Asnodkar', '1984-03-29', 'Right-hand bat', 'Right-arm offbreak', 'India');
INSERT INTO player (player_id, player_name, dob, batting_hand, bowling_skill, country_name) values ('102', 'Sohail Tanvir', '1984-12-12', 'Left-hand bat', 'Left-arm medium-fast', 'Pakistan');
INSERT INTO player (player_id, player_name, dob, batting_hand, bowling_skill, country_name) values ('103', 'Salman Butt', '1984-10-07', 'Left-hand bat', 'Right-arm offbreak', 'Pakistan');
INSERT INTO player (player_id, player_name, dob, batting_hand, bowling_skill, country_name) values ('104', 'BJ Hodge', '1974-12-29', 'Right-hand bat', 'Right-arm offbreak', 'Australia');
INSERT INTO player (player_id, player_name, dob, batting_hand, bowling_skill, country_name) values ('105', 'Umar Gul', '1984-04-14', 'Right-hand bat', 'Right-arm fast-medium', 'Pakistan');
INSERT INTO player (player_id, player_name, dob, batting_hand, bowling_skill, country_name) values ('106', 'AB Dinda', '1984-03-25', 'Right-hand bat', 'Right-arm medium-fast', 'India');
INSERT INTO player (player_id, player_name, dob, batting_hand, bowling_skill, country_name) values ('107', 'SP Fleming', '1973-04-01', 'Left-hand bat', 'N/A', 'New Zealand');
INSERT INTO player (player_id, player_name, dob, batting_hand, bowling_skill, country_name) values ('108', 'S Vidyut', '1981-12-03', 'Left-hand bat', 'Slow left-arm orthodox', 'India');
INSERT INTO player (player_id, player_name, dob, batting_hand, bowling_skill, country_name) values ('109', 'JA Morkel', '1981-06-10', 'Left-hand bat', 'Right-arm medium-fast', 'South Africa');
INSERT INTO player (player_id, player_name, dob, batting_hand, bowling_skill, country_name) values ('110', 'AB de Villiers', '1984-02-17', 'Right-hand bat', 'Right-arm medium', 'South Africa');
INSERT INTO player (player_id, player_name, dob, batting_hand, bowling_skill, country_name) values ('111', 'LPC Silva', '1979-12-14', 'Right-hand bat', 'Legbreak', 'Sri Lanka');
INSERT INTO player (player_id, player_name, dob, batting_hand, bowling_skill, country_name) values ('112', 'DB Ravi Teja', '1987-09-05', 'Right-hand bat', 'Legbreak googly', 'India');
INSERT INTO player (player_id, player_name, dob, batting_hand, bowling_skill, country_name) values ('113', 'Misbah-ul-Haq', '1974-05-28', 'Right-hand bat', 'Legbreak', 'Pakistan');
INSERT INTO player (player_id, player_name, dob, batting_hand, bowling_skill, country_name) values ('114', 'YV Takawale', '1984-11-05', 'Right-hand bat', 'N/A', 'India');
INSERT INTO player (player_id, player_name, dob, batting_hand, bowling_skill, country_name) values ('115', 'RR Raje', '1986-09-03', 'Right-hand bat', 'Right-arm fast-medium', 'India');
INSERT INTO player (player_id, player_name, dob, batting_hand, bowling_skill, country_name) values ('116', 'PJ Sangwan', '1990-11-05', 'Right-hand bat', 'Left-arm medium', 'India');
INSERT INTO player (player_id, player_name, dob, batting_hand, bowling_skill, country_name) values ('117', 'Mohammad Asif', '1982-12-20', 'Left-hand bat', 'Right-arm fast-medium', 'Pakistan');
INSERT INTO player (player_id, player_name, dob, batting_hand, bowling_skill, country_name) values ('118', 'GD McGrath', '1970-02-09', 'Right-hand bat', 'Right-arm fast-medium', 'Australia');
INSERT INTO player (player_id, player_name, dob, batting_hand, bowling_skill, country_name) values ('119', 'Joginder Sharma', '1983-10-23', 'Right-hand bat', 'Right-arm fast-medium', 'India');
INSERT INTO player (player_id, player_name, dob, batting_hand, bowling_skill, country_name) values ('120', 'MS Gony', '1984-01-04', 'Right-hand bat', 'Right-arm medium', 'India');
INSERT INTO player (player_id, player_name, dob, batting_hand, bowling_skill, country_name) values ('121', 'M Muralitharan', '1972-04-17', 'Right-hand bat', 'Right-arm offbreak', 'Sri Lanka');
INSERT INTO player (player_id, player_name, dob, batting_hand, bowling_skill, country_name) values ('122', 'M Ntini', '1977-07-06', 'Right-hand bat', 'Right-arm fast', 'South Africa');
INSERT INTO player (player_id, player_name, dob, batting_hand, bowling_skill, country_name) values ('123', 'DT Patil', '1984-12-06', 'Right-hand bat', 'N/A', 'India');
INSERT INTO player (player_id, player_name, dob, batting_hand, bowling_skill, country_name) values ('124', 'A Kumble', '1970-10-17', 'Right-hand bat', 'Legbreak googly', 'India');
INSERT INTO player (player_id, player_name, dob, batting_hand, bowling_skill, country_name) values ('125', 'S Anirudha', '1987-04-14', 'Right-hand bat', 'N/A', 'India');
INSERT INTO player (player_id, player_name, dob, batting_hand, bowling_skill, country_name) values ('126', 'MM Patel', '1983-07-12', 'Right-hand bat', 'Right-arm medium-fast', 'India');
INSERT INTO player (player_id, player_name, dob, batting_hand, bowling_skill, country_name) values ('127', 'CK Kapugedera', '1987-02-24', 'Right-hand bat', 'Right-arm medium', 'Sri Lanka');
INSERT INTO player (player_id, player_name, dob, batting_hand, bowling_skill, country_name) values ('128', 'A Chopra', '1977-09-19', 'Right-hand bat', 'Right-arm offbreak', 'India');
INSERT INTO player (player_id, player_name, dob, batting_hand, bowling_skill, country_name) values ('129', 'T Taibu', '1983-05-14', 'Right-hand bat', 'Right-arm medium', 'Zimbabwea');
INSERT INTO player (player_id, player_name, dob, batting_hand, bowling_skill, country_name) values ('130', 'J Arunkumar', '1975-01-18', 'Right-hand bat', 'Right-arm offbreak', 'India');
INSERT INTO player (player_id, player_name, dob, batting_hand, bowling_skill, country_name) values ('131', 'PP Ojha', '1986-09-05', 'Left-hand bat', 'Slow left-arm orthodox', 'India');
INSERT INTO player (player_id, player_name, dob, batting_hand, bowling_skill, country_name) values ('132', 'SP Goswami', '1989-05-18', 'Left-hand bat', 'N/A', 'India');
INSERT INTO player (player_id, player_name, dob, batting_hand, bowling_skill, country_name) values ('133', 'SR Tendulkar', '1973-04-24', 'Right-hand bat', 'Right-arm offbreak', 'India');
INSERT INTO player (player_id, player_name, dob, batting_hand, bowling_skill, country_name) values ('134', 'U Kaul', '1987-12-02', 'Left-hand bat', 'N/A', 'India');
INSERT INTO player (player_id, player_name, dob, batting_hand, bowling_skill, country_name) values ('135', 'TM Dilshan', '1976-10-14', 'Right-hand bat', 'Right-arm offbreak', 'Sri Lanka');
INSERT INTO player (player_id, player_name, dob, batting_hand, bowling_skill, country_name) values ('136', 'A Mishra', '1982-11-24', 'Right-hand bat', 'Legbreak', 'India');
INSERT INTO player (player_id, player_name, dob, batting_hand, bowling_skill, country_name) values ('137', 'AD Mascarenhas', '1977-10-30', 'Right-hand bat', 'Right-arm fast-medium', 'England');
INSERT INTO player (player_id, player_name, dob, batting_hand, bowling_skill, country_name) values ('138', 'NK Patel', '1981-03-26', 'Left-hand bat', 'N/A', 'India');
INSERT INTO player (player_id, player_name, dob, batting_hand, bowling_skill, country_name) values ('139', 'LA Pomersbach', '1984-09-28', 'Left-hand bat', 'Right-arm offbreak', 'Australia');
INSERT INTO player (player_id, player_name, dob, batting_hand, bowling_skill, country_name) values ('140', 'Iqbal Abdulla', '1989-12-02', 'Left-hand bat', 'Slow left-arm orthodox', 'India');
INSERT INTO player (player_id, player_name, dob, batting_hand, bowling_skill, country_name) values ('141', 'Younis Khan', '1977-11-29', 'Right-hand bat', 'Right-arm medium', 'Pakistan');
INSERT INTO player (player_id, player_name, dob, batting_hand, bowling_skill, country_name) values ('142', 'PM Sarvesh Kumar', '1989-04-26', 'Right-hand bat', 'Right-arm medium', 'India');
INSERT INTO player (player_id, player_name, dob, batting_hand, bowling_skill, country_name) values ('143', 'DP Vijaykumar', '1986-10-20', 'Right-hand bat', 'Right-arm medium', 'India');
INSERT INTO player (player_id, player_name, dob, batting_hand, bowling_skill, country_name) values ('144', 'Shoaib Akhtar', '1975-08-13', 'Right-hand bat', 'Right-arm fast', 'Pakistan');
INSERT INTO player (player_id, player_name, dob, batting_hand, bowling_skill, country_name) values ('145', 'Abdur Razzak', '1982-06-15', 'Left-hand bat', 'Slow left-arm orthodox', 'Bangladesh');
INSERT INTO player (player_id, player_name, dob, batting_hand, bowling_skill, country_name) values ('146', 'H Das', '1986-12-10', 'Right-hand bat', 'N/A', 'India');
INSERT INTO player (player_id, player_name, dob, batting_hand, bowling_skill, country_name) values ('147', 'DR Smith', '1983-04-12', 'Right-hand bat', 'Right-arm medium', 'West Indies');
INSERT INTO player (player_id, player_name, dob, batting_hand, bowling_skill, country_name) values ('148', 'SD Chitnis', '1987-05-06', 'Right-hand bat', 'Right-arm offbreak', 'India');
INSERT INTO player (player_id, player_name, dob, batting_hand, bowling_skill, country_name) values ('149', 'CRD Fernando', '1979-07-19', 'Right-hand bat', 'Right-arm fast-medium', 'Sri Lanka');
INSERT INTO player (player_id, player_name, dob, batting_hand, bowling_skill, country_name) values ('150', 'VS Yeligati', '1985-04-23', 'Right-hand bat', 'Right-arm offbreak', 'India');
INSERT INTO player (player_id, player_name, dob, batting_hand, bowling_skill, country_name) values ('151', 'L Balaji', '1981-09-27', 'Right-hand bat', 'Right-arm medium-fast', 'India');
INSERT INTO player (player_id, player_name, dob, batting_hand, bowling_skill, country_name) values ('152', 'A Mukund', '1990-01-06', 'Left-hand bat', 'Legbreak googly', 'India');
INSERT INTO player (player_id, player_name, dob, batting_hand, bowling_skill, country_name) values ('153', 'RR Powar', '1978-05-20', 'Right-hand bat', 'Right-arm offbreak', 'India');
INSERT INTO player (player_id, player_name, dob, batting_hand, bowling_skill, country_name) values ('154', 'JP Duminy', '1984-04-14', 'Left-hand bat', 'Right-arm offbreak', 'South Africa');
INSERT INTO player (player_id, player_name, dob, batting_hand, bowling_skill, country_name) values ('155', 'A Flintoff', '1977-12-06', 'Right-hand bat', 'Right-arm fast-medium', 'England');
INSERT INTO player (player_id, player_name, dob, batting_hand, bowling_skill, country_name) values ('156', 'T Thushara', '1981-03-01', 'Left-hand bat', 'Left-arm fast-medium', 'Sri Lanka');
INSERT INTO player (player_id, player_name, dob, batting_hand, bowling_skill, country_name) values ('157', 'JD Ryder', '1984-08-06', 'Left-hand bat', 'Right-arm medium', 'New Zealand');
INSERT INTO player (player_id, player_name, dob, batting_hand, bowling_skill, country_name) values ('158', 'KP Pietersen', '1980-06-27', 'Right-hand bat', 'Right-arm offbreak', 'South Africa');
INSERT INTO player (player_id, player_name, dob, batting_hand, bowling_skill, country_name) values ('159', 'T Henderson', '1974-08-01', 'Right-hand bat', 'Right-arm fast-medium', 'South Africa');
INSERT INTO player (player_id, player_name, dob, batting_hand, bowling_skill, country_name) values ('160', 'Kamran Khan', '1991-03-10', 'Left-hand bat', 'Left-arm medium-fast', 'India');
INSERT INTO player (player_id, player_name, dob, batting_hand, bowling_skill, country_name) values ('161', 'RS Bopara', '1985-05-04', 'Right-hand bat', 'Right-arm medium', 'England');
INSERT INTO player (player_id, player_name, dob, batting_hand, bowling_skill, country_name) values ('162', 'CH Gayle', '1979-09-21', 'Left-hand bat', 'Right-arm offbreak', 'West Indies');
INSERT INTO player (player_id, player_name, dob, batting_hand, bowling_skill, country_name) values ('163', 'MC Henriques', '1987-02-01', 'Right-hand bat', 'Right-arm fast-medium', 'Australia');
INSERT INTO player (player_id, player_name, dob, batting_hand, bowling_skill, country_name) values ('164', 'R Bishnoi', '1987-10-08', 'Right-hand bat', 'Right-arm medium-fast', 'India');
INSERT INTO player (player_id, player_name, dob, batting_hand, bowling_skill, country_name) values ('165', 'FH Edwards', '1982-02-06', 'Right-hand bat', 'Right-arm fast', 'West Indies');
INSERT INTO player (player_id, player_name, dob, batting_hand, bowling_skill, country_name) values ('166', 'KV Sharma', '1987-10-23', 'Left-hand bat', 'Legbreak googly', 'India');
INSERT INTO player (player_id, player_name, dob, batting_hand, bowling_skill, country_name) values ('167', 'PC Valthaty', '1983-12-07', 'Right-hand bat', 'Right-arm medium', 'India');
INSERT INTO player (player_id, player_name, dob, batting_hand, bowling_skill, country_name) values ('168', 'RJ Quiney', '1982-08-20', 'Left-hand bat', 'Right-arm medium', 'Australia');
INSERT INTO player (player_id, player_name, dob, batting_hand, bowling_skill, country_name) values ('169', 'AS Raut', '1987-03-03', 'Right-hand bat', 'Legbreak googly', 'India');
INSERT INTO player (player_id, player_name, dob, batting_hand, bowling_skill, country_name) values ('170', 'Yashpal Singh', '1981-11-27', 'Right-hand bat', 'Right-arm medium', 'India');
INSERT INTO player (player_id, player_name, dob, batting_hand, bowling_skill, country_name) values ('171', 'M Manhas', '1979-10-12', 'Right-hand bat', 'Right-arm offbreak', 'India');
INSERT INTO player (player_id, player_name, dob, batting_hand, bowling_skill, country_name) values ('172', 'AA Bilakhia', '1986-05-31', 'Right-hand bat', 'Right-arm medium', 'India');
INSERT INTO player (player_id, player_name, dob, batting_hand, bowling_skill, country_name) values ('173', 'AN Ghosh', '1986-10-19', 'Right-hand bat', 'Right-arm medium', 'India');
INSERT INTO player (player_id, player_name, dob, batting_hand, bowling_skill, country_name) values ('174', 'BAW Mendis', '1985-03-11', 'Right-hand bat', 'Right-arm offbreak', 'Sri Lanka');
INSERT INTO player (player_id, player_name, dob, batting_hand, bowling_skill, country_name) values ('175', 'DL Vettori', '1979-01-27', 'Left-hand bat', 'Slow left-arm orthodox', 'New Zealand');
INSERT INTO player (player_id, player_name, dob, batting_hand, bowling_skill, country_name) values ('176', 'MN van Wyk', '1979-03-20', 'Right-hand bat', 'Slow left-arm orthodox', 'South Africa');
INSERT INTO player (player_id, player_name, dob, batting_hand, bowling_skill, country_name) values ('177', 'RE van der Merwe', '1984-12-31', 'Right-hand bat', 'Slow left-arm orthodox', 'South Africa');
INSERT INTO player (player_id, player_name, dob, batting_hand, bowling_skill, country_name) values ('178', 'TL Suman', '1983-12-15', 'Right-hand bat', 'Right-arm offbreak', 'India');
INSERT INTO player (player_id, player_name, dob, batting_hand, bowling_skill, country_name) values ('179', 'Shoaib Ahmed', '1990-08-17', 'Right-hand bat', 'Right-arm fast-medium', 'Pakistan');
INSERT INTO player (player_id, player_name, dob, batting_hand, bowling_skill, country_name) values ('180', 'GR Napier', '1980-01-06', 'Right-hand bat', 'Right-arm medium', 'England');
INSERT INTO player (player_id, player_name, dob, batting_hand, bowling_skill, country_name) values ('181', 'KP Appanna', '1988-12-20', 'Right-hand bat', 'Slow left-arm orthodox', 'India');
INSERT INTO player (player_id, player_name, dob, batting_hand, bowling_skill, country_name) values ('182', 'LA Carseldine', '1975-11-17', 'Left-hand bat', 'Left-arm medium', 'Australia');
INSERT INTO player (player_id, player_name, dob, batting_hand, bowling_skill, country_name) values ('183', 'NV Ojha', '1983-07-20', 'Right-hand bat', 'N/A', 'India');
INSERT INTO player (player_id, player_name, dob, batting_hand, bowling_skill, country_name) values ('184', 'SM Harwood', '1974-03-01', 'Right-hand bat', 'Right-arm fast-medium', 'Australia');
INSERT INTO player (player_id, player_name, dob, batting_hand, bowling_skill, country_name) values ('185', 'M Vijay', '1984-04-01', 'Right-hand bat', 'Right-arm offbreak', 'India');
INSERT INTO player (player_id, player_name, dob, batting_hand, bowling_skill, country_name) values ('186', 'SB Jakati', '1980-11-27', 'Left-hand bat', 'Slow left-arm orthodox', 'India');
INSERT INTO player (player_id, player_name, dob, batting_hand, bowling_skill, country_name) values ('187', 'DA Warner', '1986-10-27', 'Left-hand bat', 'Legbreak', 'Australia');
INSERT INTO player (player_id, player_name, dob, batting_hand, bowling_skill, country_name) values ('188', 'RJ Harris', '1979-10-11', 'Right-hand bat', 'Right-arm fast', 'Australia');
INSERT INTO player (player_id, player_name, dob, batting_hand, bowling_skill, country_name) values ('189', 'D du Preez', '1981-11-08', 'Right-hand bat', 'Right-arm fast-medium', 'South Africa');
INSERT INTO player (player_id, player_name, dob, batting_hand, bowling_skill, country_name) values ('190', 'M Morkel', '1984-10-06', 'Left-hand bat', 'Right-arm fast', 'South Africa');
INSERT INTO player (player_id, player_name, dob, batting_hand, bowling_skill, country_name) values ('191', 'AD Mathews', '1987-06-02', 'Right-hand bat', 'Right-arm fast-medium', 'Sri Lanka');
INSERT INTO player (player_id, player_name, dob, batting_hand, bowling_skill, country_name) values ('192', 'J Botha', '1982-05-02', 'Right-hand bat', 'Right-arm offbreak', 'South Africa');
INSERT INTO player (player_id, player_name, dob, batting_hand, bowling_skill, country_name) values ('193', 'C Nanda', '1979-03-29', 'Right-hand bat', 'Legbreak', 'India');
INSERT INTO player (player_id, player_name, dob, batting_hand, bowling_skill, country_name) values ('194', 'SL Malinga', '1983-08-28', 'Right-hand bat', 'Right-arm fast', 'Sri Lanka');
INSERT INTO player (player_id, player_name, dob, batting_hand, bowling_skill, country_name) values ('195', 'Mashrafe Mortaza', '1983-10-05', 'Right-hand bat', 'Right-arm fast-medium', 'Bangladesh');
INSERT INTO player (player_id, player_name, dob, batting_hand, bowling_skill, country_name) values ('196', 'A Singh', '1981-06-21', 'Right-hand bat', 'Right-arm medium-fast', 'India');
INSERT INTO player (player_id, player_name, dob, batting_hand, bowling_skill, country_name) values ('197', 'GJ Bailey', '1982-09-07', 'Right-hand bat', 'Right-arm medium', 'Australia');
INSERT INTO player (player_id, player_name, dob, batting_hand, bowling_skill, country_name) values ('198', 'AB McDonald', '1981-06-05', 'Right-hand bat', 'Right-arm fast-medium', 'Australia');
INSERT INTO player (player_id, player_name, dob, batting_hand, bowling_skill, country_name) values ('199', 'Y Nagar', '1990-01-06', 'Right-hand bat', 'Right-arm offbreak', 'India');
INSERT INTO player (player_id, player_name, dob, batting_hand, bowling_skill, country_name) values ('200', 'SS Shaikh', '1987-01-18', 'Right-hand bat', 'Right-arm medium', 'India');
INSERT INTO player (player_id, player_name, dob, batting_hand, bowling_skill, country_name) values ('201', 'R Ashwin', '1986-09-17', 'Right-hand bat', 'Right-arm offbreak', 'India');
INSERT INTO player (player_id, player_name, dob, batting_hand, bowling_skill, country_name) values ('202', 'Mohammad Ashraful', '1984-07-07', 'Right-hand bat', 'Right-arm offbreak', 'Bangladesh');
INSERT INTO player (player_id, player_name, dob, batting_hand, bowling_skill, country_name) values ('203', 'CA Pujara', '1988-01-25', 'Right-hand bat', 'Legbreak', 'India');
INSERT INTO player (player_id, player_name, dob, batting_hand, bowling_skill, country_name) values ('204', 'OA Shah', '1978-10-22', 'Right-hand bat', 'Right-arm offbreak', 'England');
INSERT INTO player (player_id, player_name, dob, batting_hand, bowling_skill, country_name) values ('205', 'Anirudh Singh', '1980-08-02', 'Left-hand bat', 'Right-arm medium', 'India');
INSERT INTO player (player_id, player_name, dob, batting_hand, bowling_skill, country_name) values ('206', 'Jaskaran Singh', '1989-09-04', 'Right-hand bat', 'Right-arm medium', 'India');
INSERT INTO player (player_id, player_name, dob, batting_hand, bowling_skill, country_name) values ('207', 'AP Tare', '1987-11-07', 'Right-hand bat', 'N/A', 'India');
INSERT INTO player (player_id, player_name, dob, batting_hand, bowling_skill, country_name) values ('208', 'AT Rayudu', '1985-09-23', 'Right-hand bat', 'Right-arm offbreak', 'India');
INSERT INTO player (player_id, player_name, dob, batting_hand, bowling_skill, country_name) values ('209', 'R Sathish', '1981-01-14', 'Right-hand bat', 'Right-arm medium', 'India');
INSERT INTO player (player_id, player_name, dob, batting_hand, bowling_skill, country_name) values ('210', 'R McLaren', '1983-02-09', 'Left-hand bat', 'Right-arm medium-fast', 'South Africa');
INSERT INTO player (player_id, player_name, dob, batting_hand, bowling_skill, country_name) values ('211', 'AA Jhunjhunwala', '1982-12-01', 'Right-hand bat', 'Right-arm offbreak', 'India');
INSERT INTO player (player_id, player_name, dob, batting_hand, bowling_skill, country_name) values ('212', 'P Dogra', '1984-11-19', 'Right-hand bat', 'Legbreak', 'India');
INSERT INTO player (player_id, player_name, dob, batting_hand, bowling_skill, country_name) values ('213', 'A Uniyal', '1981-11-21', 'Left-hand bat', 'Left-arm medium', 'India');
INSERT INTO player (player_id, player_name, dob, batting_hand, bowling_skill, country_name) values ('214', 'MS Bisla', '1984-12-27', 'Right-hand bat', 'N/A', 'India');
INSERT INTO player (player_id, player_name, dob, batting_hand, bowling_skill, country_name) values ('215', 'YA Abdulla', '1983-01-17', 'Left-hand bat', 'Left-arm fast-medium', 'India');
INSERT INTO player (player_id, player_name, dob, batting_hand, bowling_skill, country_name) values ('216', 'EJG Morgan', '1986-09-10', 'Left-hand bat', 'Right-arm medium', 'England');
INSERT INTO player (player_id, player_name, dob, batting_hand, bowling_skill, country_name) values ('217', 'JM Kemp', '1977-10-02', 'Right-hand bat', 'Right-arm fast-medium', 'South Africa');
INSERT INTO player (player_id, player_name, dob, batting_hand, bowling_skill, country_name) values ('218', 'S Tyagi', '1987-09-17', 'Right-hand bat', 'Right-arm medium', 'India');
INSERT INTO player (player_id, player_name, dob, batting_hand, bowling_skill, country_name) values ('219', 'RS Gavaskar', '1976-02-20', 'Left-hand bat', 'Slow left-arm orthodox', 'India');
INSERT INTO player (player_id, player_name, dob, batting_hand, bowling_skill, country_name) values ('220', 'SE Bond', '1975-06-07', 'Right-hand bat', 'Right-arm fast', 'New Zealand');
INSERT INTO player (player_id, player_name, dob, batting_hand, bowling_skill, country_name) values ('221', 'KA Pollard', '1987-05-12', 'Right-hand bat', 'Right-arm medium-fast', 'West Indies');
INSERT INTO player (player_id, player_name, dob, batting_hand, bowling_skill, country_name) values ('222', 'S Ladda', '1986-07-10', 'Right-hand bat', 'Legbreak', 'India');
INSERT INTO player (player_id, player_name, dob, batting_hand, bowling_skill, country_name) values ('223', 'DP Nannes', '1976-05-16', 'Right-hand bat', 'Left-arm fast', 'Australia');
INSERT INTO player (player_id, player_name, dob, batting_hand, bowling_skill, country_name) values ('224', 'MJ Lumb', '1980-02-12', 'Left-hand bat', 'Right-arm medium', 'England');
INSERT INTO player (player_id, player_name, dob, batting_hand, bowling_skill, country_name) values ('225', 'DR Martyn', '1971-10-21', 'Right-hand bat', 'Right-arm medium', 'Australia');
INSERT INTO player (player_id, player_name, dob, batting_hand, bowling_skill, country_name) values ('226', 'S Narwal', '1982-04-16', 'Left-hand bat', 'Right-arm medium', 'India');
INSERT INTO player (player_id, player_name, dob, batting_hand, bowling_skill, country_name) values ('227', 'AB Barath', '1990-04-14', 'Right-hand bat', 'Right-arm offbreak', 'India');
INSERT INTO player (player_id, player_name, dob, batting_hand, bowling_skill, country_name) values ('228', 'Bipul Sharma', '1983-09-28', 'Left-hand bat', 'Slow left-arm orthodox', 'India');
INSERT INTO player (player_id, player_name, dob, batting_hand, bowling_skill, country_name) values ('229', 'FY Fazal', '1985-09-07', 'Left-hand bat', 'Right-arm medium', 'India');
INSERT INTO player (player_id, player_name, dob, batting_hand, bowling_skill, country_name) values ('230', 'AC Voges', '1979-10-04', 'Right-hand bat', 'Slow left-arm orthodox', 'Australia');
INSERT INTO player (player_id, player_name, dob, batting_hand, bowling_skill, country_name) values ('231', 'MD Mishra', '1984-02-09', 'Right-hand bat', 'Right-arm offbreak', 'India');
INSERT INTO player (player_id, player_name, dob, batting_hand, bowling_skill, country_name) values ('232', 'UT Yadav', '1987-10-25', 'Right-hand bat', 'Right-arm fast-medium', 'India');
INSERT INTO player (player_id, player_name, dob, batting_hand, bowling_skill, country_name) values ('233', 'J Theron', '1985-07-24', 'Right-hand bat', 'Right-arm medium-fast', 'South Africa');
INSERT INTO player (player_id, player_name, dob, batting_hand, bowling_skill, country_name) values ('234', 'SJ Srivastava', '1981-09-22', 'Right-hand bat', 'Left-arm fast-medium', 'India');
INSERT INTO player (player_id, player_name, dob, batting_hand, bowling_skill, country_name) values ('235', 'R Sharma', '1987-04-30', 'Right-hand bat', 'Right-arm offbreak', 'India');
INSERT INTO player (player_id, player_name, dob, batting_hand, bowling_skill, country_name) values ('236', 'Mandeep Singh', '1991-12-18', 'Right-hand bat', 'Right-arm medium', 'India');
INSERT INTO player (player_id, player_name, dob, batting_hand, bowling_skill, country_name) values ('237', 'KM Jadhav', '1985-03-26', 'Right-hand bat', 'Right-arm offbreak', 'India');
INSERT INTO player (player_id, player_name, dob, batting_hand, bowling_skill, country_name) values ('238', 'SW Tait', '1983-02-22', 'Right-hand bat', 'Right-arm fast', 'Australia');
INSERT INTO player (player_id, player_name, dob, batting_hand, bowling_skill, country_name) values ('239', 'KB Arun Karthik', '1986-02-15', 'Right-hand bat', 'Legbreak googly', 'India');
INSERT INTO player (player_id, player_name, dob, batting_hand, bowling_skill, country_name) values ('240', 'KAJ Roach', '1988-06-30', 'Right-hand bat', 'Right-arm fast', 'West Indies');
INSERT INTO player (player_id, player_name, dob, batting_hand, bowling_skill, country_name) values ('241', 'PD Collingwood', '1976-05-26', 'Right-hand bat', 'Right-arm medium', 'England');
INSERT INTO player (player_id, player_name, dob, batting_hand, bowling_skill, country_name) values ('242', 'CK Langeveldt', '1974-12-17', 'Right-hand bat', 'Right-arm fast-medium', 'England');
INSERT INTO player (player_id, player_name, dob, batting_hand, bowling_skill, country_name) values ('243', 'VS Malik', '1983-05-09', 'Right-hand bat', 'Right-arm medium', 'India');
INSERT INTO player (player_id, player_name, dob, batting_hand, bowling_skill, country_name) values ('244', 'A Mithun', '1989-10-25', 'Right-hand bat', 'Right-arm medium', 'India');
INSERT INTO player (player_id, player_name, dob, batting_hand, bowling_skill, country_name) values ('245', 'AP Dole', '1987-10-09', 'Right-hand bat', 'Right-arm medium-fast', 'India');
INSERT INTO player (player_id, player_name, dob, batting_hand, bowling_skill, country_name) values ('246', 'AN Ahmed', '1988-11-05', 'Right-hand bat', 'Right-arm medium-fast', 'India');
INSERT INTO player (player_id, player_name, dob, batting_hand, bowling_skill, country_name) values ('247', 'RS Sodhi', '1980-10-18', 'Right-hand bat', 'Right-arm medium', 'India');
INSERT INTO player (player_id, player_name, dob, batting_hand, bowling_skill, country_name) values ('248', 'DE Bollinger', '1981-07-24', 'Left-hand bat', 'Left-arm fast-medium', 'Australia');
INSERT INTO player (player_id, player_name, dob, batting_hand, bowling_skill, country_name) values ('249', 'S Sriram', '1976-02-21', 'Left-hand bat', 'Slow left-arm orthodox', 'India');
INSERT INTO player (player_id, player_name, dob, batting_hand, bowling_skill, country_name) values ('250', 'B Sumanth', '1988-05-10', 'Right-hand bat', 'Right-arm medium-fast', 'India');
INSERT INTO player (player_id, player_name, dob, batting_hand, bowling_skill, country_name) values ('251', 'C Madan', '1982-10-15', 'Right-hand bat', 'N/A', 'India');
INSERT INTO player (player_id, player_name, dob, batting_hand, bowling_skill, country_name) values ('252', 'AG Paunikar', '1988-04-18', 'Right-hand bat', 'N/A', 'India');
INSERT INTO player (player_id, player_name, dob, batting_hand, bowling_skill, country_name) values ('253', 'MR Marsh', '1991-10-20', 'Right-hand bat', 'Right-arm medium', 'Australia');
INSERT INTO player (player_id, player_name, dob, batting_hand, bowling_skill, country_name) values ('254', 'AJ Finch', '1986-11-17', 'Right-hand bat', 'Slow left-arm orthodox', 'Australia');
INSERT INTO player (player_id, player_name, dob, batting_hand, bowling_skill, country_name) values ('255', 'STR Binny', '1984-06-03', 'Right-hand bat', 'Right-arm medium', 'India');
INSERT INTO player (player_id, player_name, dob, batting_hand, bowling_skill, country_name) values ('256', 'Harmeet Singh', '1992-09-07', 'Left-hand bat', 'Slow left-arm orthodox', 'India');
INSERT INTO player (player_id, player_name, dob, batting_hand, bowling_skill, country_name) values ('257', 'IR Jaggi', '1989-01-27', 'Right-hand bat', 'Legbreak googly', 'India');
INSERT INTO player (player_id, player_name, dob, batting_hand, bowling_skill, country_name) values ('258', 'DT Christian', '1983-05-04', 'Right-hand bat', 'Right-arm fast-medium', 'Australia');
INSERT INTO player (player_id, player_name, dob, batting_hand, bowling_skill, country_name) values ('259', 'RV Gomez', '1985-10-16', 'Right-hand bat', 'Right-arm medium', 'India');
INSERT INTO player (player_id, player_name, dob, batting_hand, bowling_skill, country_name) values ('260', 'MA Agarwal', '1991-02-16', 'Right-hand bat', 'N/A', 'India');
INSERT INTO player (player_id, player_name, dob, batting_hand, bowling_skill, country_name) values ('261', 'AUK Pathan', '1984-06-17', 'Right-hand bat', 'Right-arm medium', 'India');
INSERT INTO player (player_id, player_name, dob, batting_hand, bowling_skill, country_name) values ('262', 'UBT Chand', '1993-03-26', 'Right-hand bat', 'Right-arm offbreak', 'India');
INSERT INTO player (player_id, player_name, dob, batting_hand, bowling_skill, country_name) values ('263', 'DJ Jacobs', '1982-11-04', 'Right-hand bat', 'Right-arm medium', 'South Africa');
INSERT INTO player (player_id, player_name, dob, batting_hand, bowling_skill, country_name) values ('264', 'Sunny Singh', '1986-12-18', 'Right-hand bat', 'Right-arm medium-fast', 'India');
INSERT INTO player (player_id, player_name, dob, batting_hand, bowling_skill, country_name) values ('265', 'NJ Rimmington', '1982-11-11', 'Right-hand bat', 'Right-arm fast-medium', 'Australia');
INSERT INTO player (player_id, player_name, dob, batting_hand, bowling_skill, country_name) values ('266', 'AL Menaria', '1990-10-29', 'Left-hand bat', 'Slow left-arm orthodox', 'India');
INSERT INTO player (player_id, player_name, dob, batting_hand, bowling_skill, country_name) values ('267', 'WD Parnell', '1989-07-30', 'Left-hand bat', 'Left-arm medium-fast', 'South Africa');
INSERT INTO player (player_id, player_name, dob, batting_hand, bowling_skill, country_name) values ('268', 'JJ van der Wath', '1978-01-10', 'Right-hand bat', 'Right-arm medium-fast', 'South Africa');
INSERT INTO player (player_id, player_name, dob, batting_hand, bowling_skill, country_name) values ('269', 'R Ninan', '1985-11-19', 'Right-hand bat', 'Right-arm offbreak', 'India');
INSERT INTO player (player_id, player_name, dob, batting_hand, bowling_skill, country_name) values ('270', 'S Aravind', '1984-04-08', 'Left-hand bat', 'Left-arm medium-fast', 'India');
INSERT INTO player (player_id, player_name, dob, batting_hand, bowling_skill, country_name) values ('271', 'MS Wade', '1987-12-26', 'Left-hand bat', 'Right-arm medium', 'Australia');
INSERT INTO player (player_id, player_name, dob, batting_hand, bowling_skill, country_name) values ('272', 'TD Paine', '1984-12-08', 'Right-hand bat', 'Right-arm medium', 'Australia');
INSERT INTO player (player_id, player_name, dob, batting_hand, bowling_skill, country_name) values ('273', 'SB Wagh', '1988-10-09', 'Left-hand bat', 'Left-arm medium-fast', 'India');
INSERT INTO player (player_id, player_name, dob, batting_hand, bowling_skill, country_name) values ('274', 'AC Thomas', '1977-02-09', 'Right-hand bat', 'Right-arm fast-medium', 'England');
INSERT INTO player (player_id, player_name, dob, batting_hand, bowling_skill, country_name) values ('275', 'JEC Franklin', '1980-11-07', 'Left-hand bat', 'Left-arm medium', 'New Zealand');
INSERT INTO player (player_id, player_name, dob, batting_hand, bowling_skill, country_name) values ('276', 'Shakib Al Hasan', '1987-03-24', 'Left-hand bat', 'Slow left-arm orthodox', 'Bangladesh');
INSERT INTO player (player_id, player_name, dob, batting_hand, bowling_skill, country_name) values ('277', 'DH Yagnik', '1983-06-22', 'Left-hand bat', 'N/A', 'India');
INSERT INTO player (player_id, player_name, dob, batting_hand, bowling_skill, country_name) values ('278', 'S Randiv', '1985-01-30', 'Right-hand bat', 'Right-arm offbreak', 'Sri Lanka');
INSERT INTO player (player_id, player_name, dob, batting_hand, bowling_skill, country_name) values ('279', 'BJ Haddin', '1977-10-23', 'Right-hand bat', 'N/A', 'Australia');
INSERT INTO player (player_id, player_name, dob, batting_hand, bowling_skill, country_name) values ('280', 'NLTC Perera', '1989-04-03', 'Left-hand bat', 'Right-arm medium-fast', 'Sri Lanka');
INSERT INTO player (player_id, player_name, dob, batting_hand, bowling_skill, country_name) values ('281', 'NL McCullum', '1980-09-01', 'Right-hand bat', 'Right-arm offbreak', 'New Zealand');
INSERT INTO player (player_id, player_name, dob, batting_hand, bowling_skill, country_name) values ('282', 'JE Taylor', '1984-06-22', 'Right-hand bat', 'Right-arm fast', 'New Zealand');
INSERT INTO player (player_id, player_name, dob, batting_hand, bowling_skill, country_name) values ('283', 'J Syed Mohammad', '1983-06-03', 'Left-hand bat', 'Slow left-arm orthodox', 'India');
INSERT INTO player (player_id, player_name, dob, batting_hand, bowling_skill, country_name) values ('284', 'RN ten Doeschate', '1980-06-30', 'Right-hand bat', 'Right-arm medium-fast', 'Netherlands');
INSERT INTO player (player_id, player_name, dob, batting_hand, bowling_skill, country_name) values ('285', 'TR Birt', '1981-12-09', 'Left-hand bat', 'Right-arm medium', 'Australia');
INSERT INTO player (player_id, player_name, dob, batting_hand, bowling_skill, country_name) values ('286', 'AG Murtaza', '1990-01-01', 'Left-hand bat', 'Slow left-arm orthodox', 'India');
INSERT INTO player (player_id, player_name, dob, batting_hand, bowling_skill, country_name) values ('287', 'Harpreet Singh', '1991-08-11', 'Left-hand bat', 'Right-arm medium', 'India');
INSERT INTO player (player_id, player_name, dob, batting_hand, bowling_skill, country_name) values ('288', 'M Klinger', '1980-07-04', 'Right-hand bat', 'N/A', 'Australia');
INSERT INTO player (player_id, player_name, dob, batting_hand, bowling_skill, country_name) values ('289', 'AC Blizzard', '1984-06-27', 'Left-hand bat', 'Left-arm medium', 'Australia');
INSERT INTO player (player_id, player_name, dob, batting_hand, bowling_skill, country_name) values ('290', 'I Malhotra', '1984-05-23', 'Right-hand bat', 'Right-arm medium-fast', 'India');
INSERT INTO player (player_id, player_name, dob, batting_hand, bowling_skill, country_name) values ('291', 'L Ablish', '1982-12-03', 'Right-hand bat', 'Right-arm medium-fast', 'India');
INSERT INTO player (player_id, player_name, dob, batting_hand, bowling_skill, country_name) values ('292', 'CA Ingram', '1985-07-03', 'Left-hand bat', 'Legbreak', 'South Africa');
INSERT INTO player (player_id, player_name, dob, batting_hand, bowling_skill, country_name) values ('293', 'S Nadeem', '1989-08-12', 'Right-hand bat', 'Slow left-arm orthodox', 'India');
INSERT INTO player (player_id, player_name, dob, batting_hand, bowling_skill, country_name) values ('294', 'P Parameswaran', '1985-05-30', 'Right-hand bat', 'Left-arm medium', 'India');
INSERT INTO player (player_id, player_name, dob, batting_hand, bowling_skill, country_name) values ('295', 'CJ Ferguson', '1984-11-21', 'Right-hand bat', 'Right-arm medium', 'Australia');
INSERT INTO player (player_id, player_name, dob, batting_hand, bowling_skill, country_name) values ('296', 'VR Aaron', '1989-10-29', 'Right-hand bat', 'Right-arm fast', 'India');
INSERT INTO player (player_id, player_name, dob, batting_hand, bowling_skill, country_name) values ('297', 'AA Chavan', '1985-10-28', 'Left-hand bat', 'Slow left-arm orthodox', 'India');
INSERT INTO player (player_id, player_name, dob, batting_hand, bowling_skill, country_name) values ('298', 'ND Doshi', '1978-10-06', 'Right-hand bat', 'Slow left-arm orthodox', 'India');
INSERT INTO player (player_id, player_name, dob, batting_hand, bowling_skill, country_name) values ('299', 'B Kumar', '1990-02-05', 'Right-hand bat', 'Right-arm medium', 'India');
INSERT INTO player (player_id, player_name, dob, batting_hand, bowling_skill, country_name) values ('300', 'Y Gnaneswara Rao', '1984-08-25', 'Right-hand bat', 'Right-arm medium', 'India');
INSERT INTO player (player_id, player_name, dob, batting_hand, bowling_skill, country_name) values ('301', 'S Rana', '1984-09-18', 'Right-hand bat', 'Right-arm medium-fast', 'India');
INSERT INTO player (player_id, player_name, dob, batting_hand, bowling_skill, country_name) values ('302', 'BA Bhatt', '1990-05-13', 'Left-hand bat', 'Slow left-arm orthodox', 'India');
INSERT INTO player (player_id, player_name, dob, batting_hand, bowling_skill, country_name) values ('303', 'F du Plessis', '1984-07-13', 'Right-hand bat', 'Legbreak', 'South Africa');
INSERT INTO player (player_id, player_name, dob, batting_hand, bowling_skill, country_name) values ('304', 'RE Levi', '1988-01-14', 'Right-hand bat', 'Right-arm medium', 'South Africa');
INSERT INTO player (player_id, player_name, dob, batting_hand, bowling_skill, country_name) values ('305', 'GJ Maxwell', '1988-10-14', 'Right-hand bat', 'Right-arm offbreak', 'Australia');
INSERT INTO player (player_id, player_name, dob, batting_hand, bowling_skill, country_name) values ('306', 'SPD Smith', '1989-06-02', 'Right-hand bat', 'Legbreak googly', 'India');
INSERT INTO player (player_id, player_name, dob, batting_hand, bowling_skill, country_name) values ('307', 'MN Samuels', '1981-02-05', 'Right-hand bat', 'Right-arm offbreak', 'West Indies');
INSERT INTO player (player_id, player_name, dob, batting_hand, bowling_skill, country_name) values ('308', 'SA Yadav', '1990-09-14', 'Right-hand bat', 'Right-arm offbreak', 'India');
INSERT INTO player (player_id, player_name, dob, batting_hand, bowling_skill, country_name) values ('309', 'KK Cooper', '1989-02-16', 'Right-hand bat', 'Right-arm medium', 'West Indies');
INSERT INTO player (player_id, player_name, dob, batting_hand, bowling_skill, country_name) values ('310', 'JP Faulkner', '1990-04-29', 'Right-hand bat', 'Left-arm fast-medium', 'Australia');
INSERT INTO player (player_id, player_name, dob, batting_hand, bowling_skill, country_name) values ('311', 'HV Patel', '1990-11-23', 'Right-hand bat', 'Right-arm medium', 'India');
INSERT INTO player (player_id, player_name, dob, batting_hand, bowling_skill, country_name) values ('312', 'DAJ Bracewell', '1990-09-28', 'Right-hand bat', 'Right-arm fast-medium', 'New Zealand');
INSERT INTO player (player_id, player_name, dob, batting_hand, bowling_skill, country_name) values ('313', 'DJ Harris', '1979-12-31', 'Right-hand bat', 'Right-arm medium', 'Australia');
INSERT INTO player (player_id, player_name, dob, batting_hand, bowling_skill, country_name) values ('314', 'Ankit Sharma', '1991-04-20', 'Left-hand bat', 'Slow left-arm orthodox', 'India');
INSERT INTO player (player_id, player_name, dob, batting_hand, bowling_skill, country_name) values ('315', 'SP Narine', '1988-05-26', 'Left-hand bat', 'Right-arm offbreak', 'West Indies');
INSERT INTO player (player_id, player_name, dob, batting_hand, bowling_skill, country_name) values ('316', 'GB Hogg', '1971-02-06', 'Left-hand bat', 'Slow left-arm chinaman', 'Australia');
INSERT INTO player (player_id, player_name, dob, batting_hand, bowling_skill, country_name) values ('317', 'RR Bhatkal', '1985-09-01', 'Right-hand bat', 'Right-arm medium', 'India');
INSERT INTO player (player_id, player_name, dob, batting_hand, bowling_skill, country_name) values ('318', 'CJ McKay', '1983-02-20', 'Right-hand bat', 'Right-arm fast-medium', 'Australia');
INSERT INTO player (player_id, player_name, dob, batting_hand, bowling_skill, country_name) values ('319', 'N Saini', '1988-10-28', 'Right-hand bat', 'N/A', 'India');
INSERT INTO player (player_id, player_name, dob, batting_hand, bowling_skill, country_name) values ('320', 'DA Miller', '1989-06-10', 'Left-hand bat', 'Right-arm offbreak', 'South Africa');
INSERT INTO player (player_id, player_name, dob, batting_hand, bowling_skill, country_name) values ('321', 'Azhar Mahmood', '1975-02-28', 'Right-hand bat', 'Right-arm fast-medium', 'Pakistan');
INSERT INTO player (player_id, player_name, dob, batting_hand, bowling_skill, country_name) values ('322', 'P Negi', '1993-01-06', 'Left-hand bat', 'Slow left-arm orthodox', 'India');
INSERT INTO player (player_id, player_name, dob, batting_hand, bowling_skill, country_name) values ('323', 'RJ Peterson', '1979-08-04', 'Left-hand bat', 'Slow left-arm orthodox', 'South Africa');
INSERT INTO player (player_id, player_name, dob, batting_hand, bowling_skill, country_name) values ('324', 'KMDN Kulasekara', '1982-07-22', 'Right-hand bat', 'Right-arm fast-medium', 'Sri Lanka');
INSERT INTO player (player_id, player_name, dob, batting_hand, bowling_skill, country_name) values ('325', 'A Ashish Reddy', '1991-02-24', 'Right-hand bat', 'Right-arm medium', 'India');
INSERT INTO player (player_id, player_name, dob, batting_hand, bowling_skill, country_name) values ('326', 'V Pratap Singh', '1992-05-03', 'Right-hand bat', 'Right-arm medium', 'India');
INSERT INTO player (player_id, player_name, dob, batting_hand, bowling_skill, country_name) values ('327', 'BB Samantray', '1988-12-14', 'Right-hand bat', 'N/A', 'India');
INSERT INTO player (player_id, player_name, dob, batting_hand, bowling_skill, country_name) values ('328', 'MJ Clarke', '1981-04-02', 'Right-hand bat', 'Slow left-arm orthodox', 'Australia');
INSERT INTO player (player_id, player_name, dob, batting_hand, bowling_skill, country_name) values ('329', 'Gurkeerat Singh', '1990-06-29', 'Right-hand bat', 'Right-arm offbreak', 'India');
INSERT INTO player (player_id, player_name, dob, batting_hand, bowling_skill, country_name) values ('330', 'AP Majumdar', '1984-04-30', 'Right-hand bat', 'Legbreak googly', 'India');
INSERT INTO player (player_id, player_name, dob, batting_hand, bowling_skill, country_name) values ('331', 'PA Reddy', '1991-02-11', 'Right-hand bat', 'Legbreak', 'India');
INSERT INTO player (player_id, player_name, dob, batting_hand, bowling_skill, country_name) values ('332', 'K Upadhyay', '1986-06-18', 'Right-hand bat', 'Right-arm medium', 'India');
INSERT INTO player (player_id, player_name, dob, batting_hand, bowling_skill, country_name) values ('333', 'P Awana', '1986-07-19', 'Right-hand bat', 'Right-arm medium', 'India');
INSERT INTO player (player_id, player_name, dob, batting_hand, bowling_skill, country_name) values ('334', 'AD Russell', '1988-04-29', 'Right-hand bat', 'Right-arm fast', 'West Indies');
INSERT INTO player (player_id, player_name, dob, batting_hand, bowling_skill, country_name) values ('335', 'A Chandila', '1983-12-05', 'Right-hand bat', 'Right-arm offbreak', 'India');
INSERT INTO player (player_id, player_name, dob, batting_hand, bowling_skill, country_name) values ('336', 'CA Lynn', '1990-04-10', 'Right-hand bat', 'Slow left-arm orthodox', 'Australia');
INSERT INTO player (player_id, player_name, dob, batting_hand, bowling_skill, country_name) values ('337', 'Sunny Gupta', '1988-09-27', 'Right-hand bat', 'Right-arm offbreak', 'India');
INSERT INTO player (player_id, player_name, dob, batting_hand, bowling_skill, country_name) values ('338', 'MC Juneja', '1990-09-12', 'Right-hand bat', 'Right-arm offbreak', 'India');
INSERT INTO player (player_id, player_name, dob, batting_hand, bowling_skill, country_name) values ('339', 'KK Nair', '1991-12-06', 'Right-hand bat', 'Right-arm offbreak', 'India');
INSERT INTO player (player_id, player_name, dob, batting_hand, bowling_skill, country_name) values ('340', 'GH Vihari', '1993-10-13', 'Right-hand bat', 'Right-arm offbreak', 'India');
INSERT INTO player (player_id, player_name, dob, batting_hand, bowling_skill, country_name) values ('341', 'MDKJ Perera', '1990-08-17', 'Left-hand bat', 'N/A', 'Sri Lanka');
INSERT INTO player (player_id, player_name, dob, batting_hand, bowling_skill, country_name) values ('342', 'R Shukla', '1990-08-28', 'Right-hand bat', 'Right-arm medium', 'India');
INSERT INTO player (player_id, player_name, dob, batting_hand, bowling_skill, country_name) values ('343', 'B Laughlin', '1982-10-03', 'Right-hand bat', 'Right-arm fast-medium', 'Australia');
INSERT INTO player (player_id, player_name, dob, batting_hand, bowling_skill, country_name) values ('344', 'AS Rajpoot', '1993-12-04', 'Right-hand bat', 'Right-arm medium', 'India');
INSERT INTO player (player_id, player_name, dob, batting_hand, bowling_skill, country_name) values ('345', 'M Vohra', '1993-07-18', 'Right-hand bat', 'Right-arm medium', 'India');
INSERT INTO player (player_id, player_name, dob, batting_hand, bowling_skill, country_name) values ('346', 'JD Unadkat', '1991-10-18', 'Right-hand bat', 'Left-arm medium', 'India');
INSERT INTO player (player_id, player_name, dob, batting_hand, bowling_skill, country_name) values ('347', 'Mohammed Shami', '1990-09-03', 'Right-hand bat', 'Right-arm fast-medium', 'India');
INSERT INTO player (player_id, player_name, dob, batting_hand, bowling_skill, country_name) values ('348', 'BMAJ Mendis', '1983-01-15', 'Left-hand bat', 'Legbreak', 'Sri Lanka');
INSERT INTO player (player_id, player_name, dob, batting_hand, bowling_skill, country_name) values ('349', 'R Rampaul', '1984-10-15', 'Left-hand bat', 'Right-arm fast-medium', 'West Indies');
INSERT INTO player (player_id, player_name, dob, batting_hand, bowling_skill, country_name) values ('350', 'CH Morris', '1987-04-30', 'Right-hand bat', 'Right-arm fast-medium', 'South Africa');
INSERT INTO player (player_id, player_name, dob, batting_hand, bowling_skill, country_name) values ('351', 'SV Samson', '1994-11-11', 'Right-hand bat', 'N/A', 'India');
INSERT INTO player (player_id, player_name, dob, batting_hand, bowling_skill, country_name) values ('352', 'SMSM Senanayake', '1985-02-09', 'Right-hand bat', 'Right-arm offbreak', 'Sri Lanka');
INSERT INTO player (player_id, player_name, dob, batting_hand, bowling_skill, country_name) values ('353', 'BJ Rohrer', '1981-03-26', 'Left-hand bat', 'N/A', 'Australia');
INSERT INTO player (player_id, player_name, dob, batting_hand, bowling_skill, country_name) values ('354', 'KL Rahul', '1992-04-18', 'Right-hand bat', 'N/A', 'India');
INSERT INTO player (player_id, player_name, dob, batting_hand, bowling_skill, country_name) values ('355', 'Q de Kock', '1992-12-17', 'Left-hand bat', 'N/A', 'South Africa');
INSERT INTO player (player_id, player_name, dob, batting_hand, bowling_skill, country_name) values ('356', 'R Dhawan', '1990-02-19', 'Right-hand bat', 'Right-arm medium-fast', 'India');
INSERT INTO player (player_id, player_name, dob, batting_hand, bowling_skill, country_name) values ('357', 'MG Johnson', '1981-11-02', 'Left-hand bat', 'Left-arm fast', 'Australia');
INSERT INTO player (player_id, player_name, dob, batting_hand, bowling_skill, country_name) values ('358', 'LJ Wright', '1985-03-07', 'Right-hand bat', 'Right-arm medium-fast', 'England');
INSERT INTO player (player_id, player_name, dob, batting_hand, bowling_skill, country_name) values ('359', 'IC Pandey', '1989-08-15', 'Right-hand bat', 'Right-arm medium', 'India');
INSERT INTO player (player_id, player_name, dob, batting_hand, bowling_skill, country_name) values ('360', 'CM Gautam', '1986-03-08', 'Right-hand bat', 'N/A', 'India');
INSERT INTO player (player_id, player_name, dob, batting_hand, bowling_skill, country_name) values ('361', 'X Thalaivan Sargunam', '1985-05-15', 'Right-hand bat', 'Right-arm offbreak', 'India');
INSERT INTO player (player_id, player_name, dob, batting_hand, bowling_skill, country_name) values ('362', 'DJG Sammy', '1983-12-20', 'Right-hand bat', 'Right-arm medium-fast', 'West Indies');
INSERT INTO player (player_id, player_name, dob, batting_hand, bowling_skill, country_name) values ('363', 'KW Richardson', '1991-02-12', 'Right-hand bat', 'Right-arm fast-medium', 'Australia');
INSERT INTO player (player_id, player_name, dob, batting_hand, bowling_skill, country_name) values ('364', 'MM Sharma', '1988-09-18', 'Right-hand bat', 'Right-arm medium', 'India');
INSERT INTO player (player_id, player_name, dob, batting_hand, bowling_skill, country_name) values ('365', 'UA Birla', '1989-11-17', 'Right-hand bat', 'Right-arm medium', 'India');
INSERT INTO player (player_id, player_name, dob, batting_hand, bowling_skill, country_name) values ('366', 'Parvez Rasool', '1989-02-13', 'Right-hand bat', 'Right-arm offbreak', 'India');
INSERT INTO player (player_id, player_name, dob, batting_hand, bowling_skill, country_name) values ('367', 'Sandeep Sharma', '1993-05-18', 'Right-hand bat', 'Right-arm medium', 'India');
INSERT INTO player (player_id, player_name, dob, batting_hand, bowling_skill, country_name) values ('368', 'S Kaul', '1990-05-19', 'Right-hand bat', 'Right-arm medium', 'India');
INSERT INTO player (player_id, player_name, dob, batting_hand, bowling_skill, country_name) values ('369', 'Sachin Baby', '1988-12-18', 'Left-hand bat', 'Right-arm offbreak', 'India');
INSERT INTO player (player_id, player_name, dob, batting_hand, bowling_skill, country_name) values ('370', 'PV Tambe', '1971-10-08', 'Right-hand bat', 'Legbreak', 'India');
INSERT INTO player (player_id, player_name, dob, batting_hand, bowling_skill, country_name) values ('371', 'NM Coulter-Nile', '1987-10-11', 'Right-hand bat', 'Right-arm fast', 'Australia');
INSERT INTO player (player_id, player_name, dob, batting_hand, bowling_skill, country_name) values ('372', 'CJ Anderson', '1990-12-13', 'Left-hand bat', 'Left-arm medium-fast', 'New Zealand');
INSERT INTO player (player_id, player_name, dob, batting_hand, bowling_skill, country_name) values ('373', 'NJ Maddinson', '1991-12-21', 'Left-hand bat', 'Slow left-arm orthodox', 'Australia');
INSERT INTO player (player_id, player_name, dob, batting_hand, bowling_skill, country_name) values ('374', 'AR Patel', '1994-01-20', 'Left-hand bat', 'Slow left-arm orthodox', 'India');
INSERT INTO player (player_id, player_name, dob, batting_hand, bowling_skill, country_name) values ('375', 'JJ Bumrah', '1993-12-06', 'Right-hand bat', 'Right-arm medium', 'India');
INSERT INTO player (player_id, player_name, dob, batting_hand, bowling_skill, country_name) values ('376', 'JDS Neesham', '1990-09-17', 'Left-hand bat', 'Right-arm medium', 'New Zealand');
INSERT INTO player (player_id, player_name, dob, batting_hand, bowling_skill, country_name) values ('377', 'TG Southee', '1988-12-11', 'Right-hand bat', 'Right-arm medium-fast', 'New Zealand');
INSERT INTO player (player_id, player_name, dob, batting_hand, bowling_skill, country_name) values ('378', 'MA Starc', '1990-01-30', 'Left-hand bat', 'Left-arm fast', 'Australia');
INSERT INTO player (player_id, player_name, dob, batting_hand, bowling_skill, country_name) values ('379', 'BR Dunk', '1987-03-11', 'Left-hand bat', 'N/A', 'Australia');
INSERT INTO player (player_id, player_name, dob, batting_hand, bowling_skill, country_name) values ('380', 'RR Rossouw', '1989-10-09', 'Left-hand bat', 'Right-arm offbreak', 'South Africa');
INSERT INTO player (player_id, player_name, dob, batting_hand, bowling_skill, country_name) values ('381', 'Shivam Sharma', '1993-09-09', 'Right-hand bat', 'Right-arm offbreak', 'India');
INSERT INTO player (player_id, player_name, dob, batting_hand, bowling_skill, country_name) values ('382', 'YS Chahal', '1990-07-23', 'Right-hand bat', 'Legbreak googly', 'India');
INSERT INTO player (player_id, player_name, dob, batting_hand, bowling_skill, country_name) values ('383', 'LMP Simmons', '1985-01-25', 'Right-hand bat', 'Right-arm medium-fast', 'West Indies');
INSERT INTO player (player_id, player_name, dob, batting_hand, bowling_skill, country_name) values ('384', 'VH Zol', '1994-11-23', 'Left-hand bat', 'Right-arm offbreak', 'India');
INSERT INTO player (player_id, player_name, dob, batting_hand, bowling_skill, country_name) values ('385', 'BCJ Cutting', '1987-01-30', 'Right-hand bat', 'Right-arm fast-medium', 'Australia');
INSERT INTO player (player_id, player_name, dob, batting_hand, bowling_skill, country_name) values ('386', 'Imran Tahir', '1979-03-27', 'Right-hand bat', 'Legbreak googly', 'India');
INSERT INTO player (player_id, player_name, dob, batting_hand, bowling_skill, country_name) values ('387', 'BE Hendricks', '1990-06-08', 'Left-hand bat', 'Left-arm fast-medium', 'South Africa');
INSERT INTO player (player_id, player_name, dob, batting_hand, bowling_skill, country_name) values ('388', 'S Gopal', '1993-09-04', 'Right-hand bat', 'Legbreak', 'India');
INSERT INTO player (player_id, player_name, dob, batting_hand, bowling_skill, country_name) values ('389', 'M de Lange', '1990-10-13', 'Right-hand bat', 'Right-arm fast', 'South Africa');
INSERT INTO player (player_id, player_name, dob, batting_hand, bowling_skill, country_name) values ('390', 'R Tewatia', '1993-05-20', 'Left-hand bat', 'Legbreak', 'India');
INSERT INTO player (player_id, player_name, dob, batting_hand, bowling_skill, country_name) values ('391', 'JO Holder', '1991-11-05', 'Right-hand bat', 'Right-arm medium-fast', 'West Indies');
INSERT INTO player (player_id, player_name, dob, batting_hand, bowling_skill, country_name) values ('392', 'Karanveer Singh', '1987-11-08', 'Right-hand bat', 'Legbreak googly', 'India');
INSERT INTO player (player_id, player_name, dob, batting_hand, bowling_skill, country_name) values ('393', 'SS Iyer', '1994-12-06', 'Right-hand bat', 'Legbreak googly', 'India');
INSERT INTO player (player_id, player_name, dob, batting_hand, bowling_skill, country_name) values ('394', 'DJ Hooda', '1995-04-19', 'Right-hand bat', 'Right-arm offbreak', 'India');
INSERT INTO player (player_id, player_name, dob, batting_hand, bowling_skill, country_name) values ('395', 'Anureet Singh', '1988-03-02', 'Right-hand bat', 'Right-arm medium', 'India');
INSERT INTO player (player_id, player_name, dob, batting_hand, bowling_skill, country_name) values ('396', 'KS Williamson', '1990-08-08', 'Right-hand bat', 'Right-arm offbreak', 'New Zealand');
INSERT INTO player (player_id, player_name, dob, batting_hand, bowling_skill, country_name) values ('397', 'SA Abbott', '1992-02-29', 'Right-hand bat', 'Right-arm fast-medium', 'New Zealand');
INSERT INTO player (player_id, player_name, dob, batting_hand, bowling_skill, country_name) values ('398', 'J Suchith', '1994-01-16', 'Left-hand bat', 'Slow left-arm orthodox', 'India');
INSERT INTO player (player_id, player_name, dob, batting_hand, bowling_skill, country_name) values ('399', 'RG More', '1992-02-02', 'Right-hand bat', 'Right-arm medium', 'India');
INSERT INTO player (player_id, player_name, dob, batting_hand, bowling_skill, country_name) values ('400', 'HH Pandya', '1993-10-11', 'Right-hand bat', 'Right-arm medium-fast', 'India');
INSERT INTO player (player_id, player_name, dob, batting_hand, bowling_skill, country_name) values ('401', 'D Wiese', '1985-05-18', 'Right-hand bat', 'Right-arm medium-fast', 'South Africa');
INSERT INTO player (player_id, player_name, dob, batting_hand, bowling_skill, country_name) values ('402', 'SN Khan', '1997-10-27', 'Right-hand bat', 'Legbreak', 'India');
INSERT INTO player (player_id, player_name, dob, batting_hand, bowling_skill, country_name) values ('403', 'MJ McClenaghan', '1986-06-11', 'Left-hand bat', 'Left-arm fast-medium', 'New Zealand');
INSERT INTO player (player_id, player_name, dob, batting_hand, bowling_skill, country_name) values ('404', 'DJ Muthuswami', '1981-03-09', 'Right-hand bat', 'Right-arm medium', 'India');
INSERT INTO player (player_id, player_name, dob, batting_hand, bowling_skill, country_name) values ('405', 'PJ Cummins', '1993-05-08', 'Right-hand bat', 'Right-arm fast', 'Australia');
INSERT INTO player (player_id, player_name, dob, batting_hand, bowling_skill, country_name) values ('406', 'SN Thakur', '1991-10-16', 'Right-hand bat', 'Right-arm medium', 'India');
INSERT INTO player (player_id, player_name, dob, batting_hand, bowling_skill, country_name) values ('407', 'JC Buttler', '1990-09-08', 'Right-hand bat', 'N/A', 'England');
INSERT INTO player (player_id, player_name, dob, batting_hand, bowling_skill, country_name) values ('408', 'CR Brathwaite', '1988-07-18', 'Right-hand bat', 'Right-arm fast-medium', 'West Indies');
INSERT INTO player (player_id, player_name, dob, batting_hand, bowling_skill, country_name) values ('409', 'MP Stoinis', '1989-08-16', 'Right-hand bat', 'Right-arm medium', 'Australia');
INSERT INTO player (player_id, player_name, dob, batting_hand, bowling_skill, country_name) values ('410', 'Ishan Kishan', '1998-07-18', 'Left-hand bat', 'N/A', 'India');
INSERT INTO player (player_id, player_name, dob, batting_hand, bowling_skill, country_name) values ('411', 'C Munro', '1987-03-11', 'Left-hand bat', 'Right-arm medium-fast', 'New Zealand');
INSERT INTO player (player_id, player_name, dob, batting_hand, bowling_skill, country_name) values ('412', 'P Sahu', '1985-08-21', 'Right-hand bat', 'Legbreak googly', 'India');
INSERT INTO player (player_id, player_name, dob, batting_hand, bowling_skill, country_name) values ('413', 'KH Pandya', '1991-03-24', 'Left-hand bat', 'Slow left-arm orthodox', 'India');
INSERT INTO player (player_id, player_name, dob, batting_hand, bowling_skill, country_name) values ('414', 'AD Nath', '1993-05-10', 'Right-hand bat', 'Right-arm medium-fast', 'India');
INSERT INTO player (player_id, player_name, dob, batting_hand, bowling_skill, country_name) values ('415', 'MJ Guptill', '1986-09-30', 'Right-hand bat', 'Right-arm offbreak', 'New Zealand');
INSERT INTO player (player_id, player_name, dob, batting_hand, bowling_skill, country_name) values ('416', 'KJ Abbott', '1987-06-18', 'Right-hand bat', 'Right-arm fast-medium', 'South Africa');
INSERT INTO player (player_id, player_name, dob, batting_hand, bowling_skill, country_name) values ('417', 'TM Head', '1993-12-29', 'Left-hand bat', 'Right-arm offbreak', 'Australia');
INSERT INTO player (player_id, player_name, dob, batting_hand, bowling_skill, country_name) values ('418', 'M Ashwin', '1990-09-08', 'Right-hand bat', 'Legbreak googly', 'India');
INSERT INTO player (player_id, player_name, dob, batting_hand, bowling_skill, country_name) values ('419', 'NS Naik', '1994-11-09', 'Right-hand bat', 'N/A', 'India');
INSERT INTO player (player_id, player_name, dob, batting_hand, bowling_skill, country_name) values ('420', 'RR Pant', '1997-10-04', 'Left-hand bat', 'N/A', 'India');
INSERT INTO player (player_id, player_name, dob, batting_hand, bowling_skill, country_name) values ('421', 'SW Billings', '1991-06-15', 'Right-hand bat', 'N/A', 'England');
INSERT INTO player (player_id, player_name, dob, batting_hand, bowling_skill, country_name) values ('422', 'KC Cariappa', '1994-04-13', 'Right-hand bat', 'Legbreak', 'India');
INSERT INTO player (player_id, player_name, dob, batting_hand, bowling_skill, country_name) values ('423', 'PSP Handscomb', '1991-04-26', 'Right-hand bat', 'N/A', 'Australia');
INSERT INTO player (player_id, player_name, dob, batting_hand, bowling_skill, country_name) values ('424', 'Swapnil Singh', '1991-01-22', 'Right-hand bat', 'Slow left-arm orthodox', 'India');
INSERT INTO player (player_id, player_name, dob, batting_hand, bowling_skill, country_name) values ('425', 'J Yadav', '1990-01-22', 'Right-hand bat', 'Right-arm offbreak', 'India');
INSERT INTO player (player_id, player_name, dob, batting_hand, bowling_skill, country_name) values ('426', 'UT Khawaja', '1986-12-18', 'Left-hand bat', 'Right-arm medium', 'Australia');
INSERT INTO player (player_id, player_name, dob, batting_hand, bowling_skill, country_name) values ('427', 'HM Amla', '1983-03-31', 'Right-hand bat', 'Right-arm offbreak', 'South Africa');
INSERT INTO player (player_id, player_name, dob, batting_hand, bowling_skill, country_name) values ('428', 'F Behardien', '1983-10-09', 'Right-hand bat', 'Right-arm fast-medium', 'South Africa');
INSERT INTO player (player_id, player_name, dob, batting_hand, bowling_skill, country_name) values ('429', 'BB Sran', '1992-12-10', 'Left-hand bat', 'Left-arm medium', 'India');
INSERT INTO player (player_id, player_name, dob, batting_hand, bowling_skill, country_name) values ('430', 'A Zampa', '1992-03-31', 'Right-hand bat', 'Legbreak googly', 'Australia');
INSERT INTO player (player_id, player_name, dob, batting_hand, bowling_skill, country_name) values ('431', 'N Rana', '1993-12-27', 'Left-hand bat', 'Right-arm offbreak', 'India');
INSERT INTO player (player_id, player_name, dob, batting_hand, bowling_skill, country_name) values ('432', 'S Kaushik', '1995-09-07', 'Right-hand bat', 'Slow left-arm chinaman', 'India');
INSERT INTO player (player_id, player_name, dob, batting_hand, bowling_skill, country_name) values ('433', 'ER Dwivedi', '1988-07-22', 'Right-hand bat', 'N/A', 'India');
INSERT INTO player (player_id, player_name, dob, batting_hand, bowling_skill, country_name) values ('434', 'CJ Jordan', '1988-10-04', 'Right-hand bat', 'Right-arm fast-medium', 'England');
INSERT INTO player (player_id, player_name, dob, batting_hand, bowling_skill, country_name) values ('435', 'P Amarnath', '1982-06-01', 'Right-hand bat', 'Right-arm medium', 'India');
INSERT INTO player (player_id, player_name, dob, batting_hand, bowling_skill, country_name) values ('436', 'B Geeves', '1982-06-13', 'Right-hand bat', 'Right-arm fast-medium', 'Australia');
INSERT INTO player (player_id, player_name, dob, batting_hand, bowling_skill, country_name) values ('437', 'Gagandeep Singh', '1981-10-03', 'Right-hand bat', 'Right-arm medium-fast', 'India');
INSERT INTO player (player_id, player_name, dob, batting_hand, bowling_skill, country_name) values ('438', 'A Nel', '1977-07-15', 'Right-hand bat', 'Right-arm fast-medium', 'South Africa');
INSERT INTO player (player_id, player_name, dob, batting_hand, bowling_skill, country_name) values ('439', 'AM Salvi', '1981-10-20', 'Right-hand bat', 'Right-arm medium', 'India');
INSERT INTO player (player_id, player_name, dob, batting_hand, bowling_skill, country_name) values ('440', 'RR Bose', '1979-02-27', 'Right-hand bat', 'Right-arm fast-medium', 'India');
INSERT INTO player (player_id, player_name, dob, batting_hand, bowling_skill, country_name) values ('441', 'SS Sarkar', '1984-12-15', 'Right-hand bat', 'Right-arm medium', 'India');
INSERT INTO player (player_id, player_name, dob, batting_hand, bowling_skill, country_name) values ('442', 'RA Shaikh', '1985-06-12', 'Left-hand bat', 'Left-arm medium', 'India');
INSERT INTO player (player_id, player_name, dob, batting_hand, bowling_skill, country_name) values ('443', 'C Ganapathy', '1981-06-10', 'Right-hand bat', 'Right-arm medium', 'India');
INSERT INTO player (player_id, player_name, dob, batting_hand, bowling_skill, country_name) values ('444', 'MB Parmar', '1988-04-12', 'Right-hand bat', 'Right-arm offbreak', 'India');
INSERT INTO player (player_id, player_name, dob, batting_hand, bowling_skill, country_name) values ('445', 'AA Kazi', '1989-09-29', 'Left-hand bat', 'Slow left-arm orthodox', 'India');
INSERT INTO player (player_id, player_name, dob, batting_hand, bowling_skill, country_name) values ('446', 'Anand Rajan', '1987-04-17', 'Right-hand bat', 'Right-arm medium', 'India');
INSERT INTO player (player_id, player_name, dob, batting_hand, bowling_skill, country_name) values ('447', 'P Prasanth', '1985-05-22', 'Left-hand bat', 'Slow left-arm orthodox', 'India');
INSERT INTO player (player_id, player_name, dob, batting_hand, bowling_skill, country_name) values ('448', 'SS Mundhe', '1988-10-27', 'Right-hand bat', 'Right-arm medium', 'India');
INSERT INTO player (player_id, player_name, dob, batting_hand, bowling_skill, country_name) values ('449', 'RW Price', '1976-06-12', 'Right-hand bat', 'Slow left-arm orthodox', 'Zimbabwea');
INSERT INTO player (player_id, player_name, dob, batting_hand, bowling_skill, country_name) values ('450', 'TP Sudhindra', '1984-04-24', 'Left-hand bat', 'Right-arm fast', 'India');
INSERT INTO player (player_id, player_name, dob, batting_hand, bowling_skill, country_name) values ('451', 'BW Hilfenhaus', '1983-03-15', 'Right-hand bat', 'Right-arm fast-medium', 'Australia');
INSERT INTO player (player_id, player_name, dob, batting_hand, bowling_skill, country_name) values ('452', 'S Badree', '1981-03-09', 'Right-hand bat', 'Legbreak', 'West Indies');
INSERT INTO player (player_id, player_name, dob, batting_hand, bowling_skill, country_name) values ('453', 'P Suyal', '1989-10-15', 'Right-hand bat', 'Left-arm medium', 'India');
INSERT INTO player (player_id, player_name, dob, batting_hand, bowling_skill, country_name) values ('454', 'MG Neser', '1990-03-29', 'Right-hand bat', 'Right-arm medium', 'Australia');
INSERT INTO player (player_id, player_name, dob, batting_hand, bowling_skill, country_name) values ('455', 'V Shankar', '1991-01-26', 'Right-hand bat', 'Right-arm medium', 'India');
INSERT INTO player (player_id, player_name, dob, batting_hand, bowling_skill, country_name) values ('456', 'K Santokie', '1984-12-20', 'Left-hand bat', 'Left-arm medium', 'West Indies');
INSERT INTO player (player_id, player_name, dob, batting_hand, bowling_skill, country_name) values ('457', 'JW Hastings', '1985-11-04', 'Right-hand bat', 'Right-arm fast-medium', 'Australia');
INSERT INTO player (player_id, player_name, dob, batting_hand, bowling_skill, country_name) values ('458', 'TA Boult', '1989-07-22', 'Right-hand bat', 'Left-arm fast-medium', 'New Zealand');
INSERT INTO player (player_id, player_name, dob, batting_hand, bowling_skill, country_name) values ('459', 'GS Sandhu', '1993-06-14', 'Left-hand bat', 'Right-arm fast-medium', 'Australia');
INSERT INTO player (player_id, player_name, dob, batting_hand, bowling_skill, country_name) values ('460', 'Mustafizur Rahman', '1995-09-06', 'Left-hand bat', 'Left-arm fast-medium', 'Bangladesh');
INSERT INTO player (player_id, player_name, dob, batting_hand, bowling_skill, country_name) values ('461', 'AF Milne', '1992-04-13', 'Right-hand bat', 'Right-arm fast', 'New Zealand');
INSERT INTO player (player_id, player_name, dob, batting_hand, bowling_skill, country_name) values ('462', 'Kuldeep Yadav', '1994-12-14', 'Left-hand bat', 'Slow left-arm chinaman', 'India');
INSERT INTO player (player_id, player_name, dob, batting_hand, bowling_skill, country_name) values ('463', 'T Shamsi', '1990-02-18', 'Right-hand bat', 'Slow left-arm chinaman', 'South Africa');
INSERT INTO player (player_id, player_name, dob, batting_hand, bowling_skill, country_name) values ('464', 'SM Boland', '1989-04-11', 'Right-hand bat', 'Right-arm fast-medium', 'Australia');
INSERT INTO player (player_id, player_name, dob, batting_hand, bowling_skill, country_name) values ('465', 'DL Chahar', '1992-08-07', 'Right-hand bat', 'Right-arm medium', 'India');
INSERT INTO player (player_id, player_name, dob, batting_hand, bowling_skill, country_name) values ('466', 'P Dharmani', '1974-09-27', 'Right-hand bat', 'N/A', 'India');
INSERT INTO player (player_id, player_name, dob, batting_hand, bowling_skill, country_name) values ('467', 'RV Pawar', '1979-09-06', 'Left-hand bat', 'Slow left-arm orthodox', 'India');
INSERT INTO player (player_id, player_name, dob, batting_hand, bowling_skill, country_name) values ('468', 'KH Devdhar', '1989-12-14', 'Right-hand bat', 'N/A', 'India');
INSERT INTO player (player_id, player_name, dob, batting_hand, bowling_skill, country_name) values ('469', 'T Mishra', '1986-12-22', 'Right-hand bat', 'Right-arm fast-medium', 'India');
INSERT INTO player (player_id, player_name, dob, batting_hand, bowling_skill, country_name) values ('470', 'A Choudhary', '1990-01-28', 'Right-hand bat', 'Left-arm medium', 'India');
INSERT INTO player (player_id, player_name, dob, batting_hand, bowling_skill, country_name) values ('471', 'AJ Tye', '1986-12-12', 'Right-handed', 'Right-arm medium fast', 'Australia');
INSERT INTO player (player_id, player_name, dob, batting_hand, bowling_skill, country_name) values ('472', 'Ankit Soni', '1993-08-02', 'Right-hand bat', 'Legbreak', 'India');
INSERT INTO player (player_id, player_name, dob, batting_hand, bowling_skill, country_name) values ('473', 'AR Bawne', '1992-12-17', 'Right-hand bat', 'Right-arm offbreak', 'India');
INSERT INTO player (player_id, player_name, dob, batting_hand, bowling_skill, country_name) values ('474', 'Avesh Khan', '1996-12-13', 'Right-hand bat', 'Right-arm medium-fast', 'India');
INSERT INTO player (player_id, player_name, dob, batting_hand, bowling_skill, country_name) values ('475', 'B Stanlake', '1994-11-04', 'Left-hand bat', 'Right-arm fast', 'Australia');
INSERT INTO player (player_id, player_name, dob, batting_hand, bowling_skill, country_name) values ('476', 'BA Stokes', '1991-06-04', 'Left-hand bat', 'Right-arm fast-medium', 'England');
INSERT INTO player (player_id, player_name, dob, batting_hand, bowling_skill, country_name) values ('477', 'Basil Thampi', '1993-09-11', 'Right-hand bat', 'Right-arm fast-medium', 'India');
INSERT INTO player (player_id, player_name, dob, batting_hand, bowling_skill, country_name) values ('478', 'C de Grandhomme', '1986-07-22', 'Right-hand bat', 'Right-arm fast-medium', 'New Zealand');
INSERT INTO player (player_id, player_name, dob, batting_hand, bowling_skill, country_name) values ('479', 'CR Woakes', '1989-03-02', 'Right-hand bat', 'Right-arm fast-medium', 'England');
INSERT INTO player (player_id, player_name, dob, batting_hand, bowling_skill, country_name) values ('480', 'DM Bravo', '1989-02-06', 'Left-hand bat', 'Right-arm medium-fast', 'West Indies');
INSERT INTO player (player_id, player_name, dob, batting_hand, bowling_skill, country_name) values ('481', 'JJ Roy', '1990-07-21', 'Right-hand bat', '', 'England');
INSERT INTO player (player_id, player_name, dob, batting_hand, bowling_skill, country_name) values ('482', 'K Rabada', '1995-05-25', 'Left-hand bat', 'Right-arm fast', 'South Africa');
INSERT INTO player (player_id, player_name, dob, batting_hand, bowling_skill, country_name) values ('483', 'LH Ferguson', '1991-06-13', 'Right-hand bat', 'Right-arm fast', 'New Zealand');
INSERT INTO player (player_id, player_name, dob, batting_hand, bowling_skill, country_name) values ('484', 'MJ Henry', '1991-12-14', 'Right-hand bat', 'Right-arm fast-medium', 'New Zealand');
INSERT INTO player (player_id, player_name, dob, batting_hand, bowling_skill, country_name) values ('485', 'Mohammad Nabi', '1985-01-01', 'Right-hand bat', 'Right-arm offbreak', 'Afghanistan');
INSERT INTO player (player_id, player_name, dob, batting_hand, bowling_skill, country_name) values ('486', 'Mohammed Siraj', '1994-03-13', 'Right-hand bat', 'Right-arm medium-fast', 'India');
INSERT INTO player (player_id, player_name, dob, batting_hand, bowling_skill, country_name) values ('487', 'NB Singh', '1995-09-08', 'Right-hand bat', 'Right-arm medium', 'India');
INSERT INTO player (player_id, player_name, dob, batting_hand, bowling_skill, country_name) values ('488', 'RA Tripathi', '1991-03-02', 'Right-hand bat', 'Right-arm medium', 'India');
INSERT INTO player (player_id, player_name, dob, batting_hand, bowling_skill, country_name) values ('489', 'Rashid Khan', '1998-11-20', 'Right-hand bat', 'Legbreak googly', 'Afghanistan');
INSERT INTO player (player_id, player_name, dob, batting_hand, bowling_skill, country_name) values ('490', 'RD Chahar', '1999-08-04', 'Right-hand bat', 'Legbreak googly', 'India');
INSERT INTO player (player_id, player_name, dob, batting_hand, bowling_skill, country_name) values ('491', 'SP Jackson', '1986-09-27', 'Right-hand bat', '', 'India');
INSERT INTO player (player_id, player_name, dob, batting_hand, bowling_skill, country_name) values ('492', 'SS Agarwal', '1993-11-21', 'Right-hand bat', 'Legbreak googly', 'India');
INSERT INTO player (player_id, player_name, dob, batting_hand, bowling_skill, country_name) values ('493', 'T Natarajan', '1991-05-27', 'Left-hand bat', 'Left-arm medium', 'India');
INSERT INTO player (player_id, player_name, dob, batting_hand, bowling_skill, country_name) values ('494', 'Tejas Baroka', '1996-02-01', 'Right-hand bat', 'Legbreak googly', 'India');
INSERT INTO player (player_id, player_name, dob, batting_hand, bowling_skill, country_name) values ('495', 'TS Mills', '1992-08-12', 'Right-hand bat', 'Left-arm fast', 'England');
INSERT INTO player (player_id, player_name, dob, batting_hand, bowling_skill, country_name) values ('496', 'Vishnu Vinod', '1993-12-02', 'Right-hand bat', '', 'India');
INSERT INTO player (player_id, player_name, dob, batting_hand, bowling_skill, country_name) values ('497', 'Washington Sundar', '1999-10-05', 'Left-hand bat', 'Right-arm offbreak', 'India');
